# JRE version: Java(TM) SE Runtime Environment (8.0_161-b12) (build 1.8.0_161-b12)
# Java VM: Java HotSpot(TM) 64-Bit Server VM (25.161-b12 mixed mode windows-amd64 compressed oops)
Heap:
 PSYoungGen      total 221184K, used 35303K [0x00000000d5f00000, 0x00000000e8c80000, 0x0000000100000000)
  eden space 209408K, 16% used [0x00000000d5f00000,0x00000000d8179e60,0x00000000e2b80000)
  from space 11776K, 0% used [0x00000000e2b80000,0x00000000e2b80000,0x00000000e3700000)
  to   space 13824K, 0% used [0x00000000e7f00000,0x00000000e7f00000,0x00000000e8c80000)
 ParOldGen       total 92672K, used 18128K [0x0000000081c00000, 0x0000000087680000, 0x00000000d5f00000)
  object space 92672K, 19% used [0x0000000081c00000,0x0000000082db40e0,0x0000000087680000)
 Metaspace       used 34515K, capacity 35804K, committed 36008K, reserved 1081344K
  class space    used 4462K, capacity 4725K, committed 4776K, reserved 1048576K
GC Heap History (10 events):
Event: 1.807 GC heap before
{Heap before GC invocations=7 (full 1):
 PSYoungGen      total 138752K, used 7148K [0x00000000d5f00000, 0x00000000df200000, 0x0000000100000000)
  eden space 131584K, 0% used [0x00000000d5f00000,0x00000000d5f00000,0x00000000ddf80000)
  from space 7168K, 99% used [0x00000000de800000,0x00000000deefb0c0,0x00000000def00000)
  to   space 8704K, 0% used [0x00000000ddf80000,0x00000000ddf80000,0x00000000de800000)
 ParOldGen       total 87552K, used 2579K [0x0000000081c00000, 0x0000000087180000, 0x00000000d5f00000)
  object space 87552K, 2% used [0x0000000081c00000,0x0000000081e84f08,0x0000000087180000)
 Metaspace       used 20706K, capacity 21180K, committed 21296K, reserved 1067008K
  class space    used 2684K, capacity 2821K, committed 2864K, reserved 1048576K
Event: 1.834 GC heap after
Heap after GC invocations=7 (full 1):
 PSYoungGen      total 138752K, used 0K [0x00000000d5f00000, 0x00000000df200000, 0x0000000100000000)
  eden space 131584K, 0% used [0x00000000d5f00000,0x00000000d5f00000,0x00000000ddf80000)
  from space 7168K, 0% used [0x00000000de800000,0x00000000de800000,0x00000000def00000)
  to   space 8704K, 0% used [0x00000000ddf80000,0x00000000ddf80000,0x00000000de800000)
 ParOldGen       total 55296K, used 7815K [0x0000000081c00000, 0x0000000085200000, 0x00000000d5f00000)
  object space 55296K, 14% used [0x0000000081c00000,0x00000000823a1f90,0x0000000085200000)
 Metaspace       used 20706K, capacity 21180K, committed 21296K, reserved 1067008K
  class space    used 2684K, capacity 2821K, committed 2864K, reserved 1048576K
}
Event: 2.453 GC heap before
{Heap before GC invocations=8 (full 1):
 PSYoungGen      total 138752K, used 131584K [0x00000000d5f00000, 0x00000000df200000, 0x0000000100000000)
  eden space 131584K, 100% used [0x00000000d5f00000,0x00000000ddf80000,0x00000000ddf80000)
  from space 7168K, 0% used [0x00000000de800000,0x00000000de800000,0x00000000def00000)
  to   space 8704K, 0% used [0x00000000ddf80000,0x00000000ddf80000,0x00000000de800000)
 ParOldGen       total 55296K, used 7815K [0x0000000081c00000, 0x0000000085200000, 0x00000000d5f00000)
  object space 55296K, 14% used [0x0000000081c00000,0x00000000823a1f90,0x0000000085200000)
 Metaspace       used 27412K, capacity 28112K, committed 28336K, reserved 1073152K
  class space    used 3509K, capacity 3681K, committed 3760K, reserved 1048576K
Event: 2.461 GC heap after
Heap after GC invocations=8 (full 1):
 PSYoungGen      total 140288K, used 8696K [0x00000000d5f00000, 0x00000000e4100000, 0x0000000100000000)
  eden space 131584K, 0% used [0x00000000d5f00000,0x00000000d5f00000,0x00000000ddf80000)
  from space 8704K, 99% used [0x00000000ddf80000,0x00000000de7fe060,0x00000000de800000)
  to   space 10240K, 0% used [0x00000000e3700000,0x00000000e3700000,0x00000000e4100000)
 ParOldGen       total 55296K, used 9163K [0x0000000081c00000, 0x0000000085200000, 0x00000000d5f00000)
  object space 55296K, 16% used [0x0000000081c00000,0x00000000824f2df8,0x0000000085200000)
 Metaspace       used 27412K, capacity 28112K, committed 28336K, reserved 1073152K
  class space    used 3509K, capacity 3681K, committed 3760K, reserved 1048576K
}
Event: 2.912 GC heap before
{Heap before GC invocations=9 (full 1):
 PSYoungGen      total 140288K, used 140280K [0x00000000d5f00000, 0x00000000e4100000, 0x0000000100000000)
  eden space 131584K, 100% used [0x00000000d5f00000,0x00000000ddf80000,0x00000000ddf80000)
  from space 8704K, 99% used [0x00000000ddf80000,0x00000000de7fe060,0x00000000de800000)
  to   space 10240K, 0% used [0x00000000e3700000,0x00000000e3700000,0x00000000e4100000)
 ParOldGen       total 55296K, used 9163K [0x0000000081c00000, 0x0000000085200000, 0x00000000d5f00000)
  object space 55296K, 16% used [0x0000000081c00000,0x00000000824f2df8,0x0000000085200000)
 Metaspace       used 29925K, capacity 30806K, committed 31024K, reserved 1077248K
  class space    used 3872K, capacity 4060K, committed 4144K, reserved 1048576K
Event: 2.921 GC heap after
Heap after GC invocations=9 (full 1):
 PSYoungGen      total 219648K, used 9825K [0x00000000d5f00000, 0x00000000e4300000, 0x0000000100000000)
  eden space 209408K, 0% used [0x00000000d5f00000,0x00000000d5f00000,0x00000000e2b80000)
  from space 10240K, 95% used [0x00000000e3700000,0x00000000e40984c8,0x00000000e4100000)
  to   space 11776K, 0% used [0x00000000e2b80000,0x00000000e2b80000,0x00000000e3700000)
 ParOldGen       total 55296K, used 9171K [0x0000000081c00000, 0x0000000085200000, 0x00000000d5f00000)
  object space 55296K, 16% used [0x0000000081c00000,0x00000000824f4df8,0x0000000085200000)
 Metaspace       used 29925K, capacity 30806K, committed 31024K, reserved 1077248K
  class space    used 3872K, capacity 4060K, committed 4144K, reserved 1048576K
}
Event: 3.975 GC heap before
{Heap before GC invocations=10 (full 1):
 PSYoungGen      total 219648K, used 131755K [0x00000000d5f00000, 0x00000000e4300000, 0x0000000100000000)
  eden space 209408K, 58% used [0x00000000d5f00000,0x00000000dd612b00,0x00000000e2b80000)
  from space 10240K, 95% used [0x00000000e3700000,0x00000000e40984c8,0x00000000e4100000)
  to   space 11776K, 0% used [0x00000000e2b80000,0x00000000e2b80000,0x00000000e3700000)
 ParOldGen       total 55296K, used 9171K [0x0000000081c00000, 0x0000000085200000, 0x00000000d5f00000)
  object space 55296K, 16% used [0x0000000081c00000,0x00000000824f4df8,0x0000000085200000)
 Metaspace       used 34159K, capacity 35400K, committed 35496K, reserved 1079296K
  class space    used 4410K, capacity 4683K, committed 4776K, reserved 1048576K
Event: 3.989 GC heap after
Heap after GC invocations=10 (full 1):
 PSYoungGen      total 221184K, used 11749K [0x00000000d5f00000, 0x00000000e8c80000, 0x0000000100000000)
  eden space 209408K, 0% used [0x00000000d5f00000,0x00000000d5f00000,0x00000000e2b80000)
  from space 11776K, 99% used [0x00000000e2b80000,0x00000000e36f95e8,0x00000000e3700000)
  to   space 13824K, 0% used [0x00000000e7f00000,0x00000000e7f00000,0x00000000e8c80000)
 ParOldGen       total 55296K, used 10599K [0x0000000081c00000, 0x0000000085200000, 0x00000000d5f00000)
  object space 55296K, 19% used [0x0000000081c00000,0x0000000082659d60,0x0000000085200000)
 Metaspace       used 34159K, capacity 35400K, committed 35496K, reserved 1079296K
  class space    used 4410K, capacity 4683K, committed 4776K, reserved 1048576K
}
Event: 3.989 GC heap before
{Heap before GC invocations=11 (full 2):
 PSYoungGen      total 221184K, used 11749K [0x00000000d5f00000, 0x00000000e8c80000, 0x0000000100000000)
  eden space 209408K, 0% used [0x00000000d5f00000,0x00000000d5f00000,0x00000000e2b80000)
  from space 11776K, 99% used [0x00000000e2b80000,0x00000000e36f95e8,0x00000000e3700000)
  to   space 13824K, 0% used [0x00000000e7f00000,0x00000000e7f00000,0x00000000e8c80000)
 ParOldGen       total 55296K, used 10599K [0x0000000081c00000, 0x0000000085200000, 0x00000000d5f00000)
  object space 55296K, 19% used [0x0000000081c00000,0x0000000082659d60,0x0000000085200000)
 Metaspace       used 34159K, capacity 35400K, committed 35496K, reserved 1079296K
  class space    used 4410K, capacity 4683K, committed 4776K, reserved 1048576K
Event: 4.067 GC heap after
Heap after GC invocations=11 (full 2):
 PSYoungGen      total 221184K, used 0K [0x00000000d5f00000, 0x00000000e8c80000, 0x0000000100000000)
  eden space 209408K, 0% used [0x00000000d5f00000,0x00000000d5f00000,0x00000000e2b80000)
  from space 11776K, 0% used [0x00000000e2b80000,0x00000000e2b80000,0x00000000e3700000)
  to   space 13824K, 0% used [0x00000000e7f00000,0x00000000e7f00000,0x00000000e8c80000)
 ParOldGen       total 92672K, used 18128K [0x0000000081c00000, 0x0000000087680000, 0x00000000d5f00000)
  object space 92672K, 19% used [0x0000000081c00000,0x0000000082db40e0,0x0000000087680000)
 Metaspace       used 34159K, capacity 35400K, committed 35496K, reserved 1079296K
  class space    used 4410K, capacity 4683K, committed 4776K, reserved 1048576K
}

