# JRE version: Java(TM) SE Runtime Environment (8.0_161-b12) (build 1.8.0_161-b12)
# Java VM: Java HotSpot(TM) 64-Bit Server VM (25.161-b12 mixed mode windows-amd64 compressed oops)
Heap:
 PSYoungGen      total 70144K, used 51478K [0x00000000d5f00000, 0x00000000db400000, 0x0000000100000000)
  eden space 54272K, 73% used [0x00000000d5f00000,0x00000000d860f5f8,0x00000000d9400000)
  from space 15872K, 72% used [0x00000000da480000,0x00000000dafb62f0,0x00000000db400000)
  to   space 16384K, 0% used [0x00000000d9400000,0x00000000d9400000,0x00000000da400000)
 ParOldGen       total 124416K, used 61507K [0x0000000081c00000, 0x0000000089580000, 0x00000000d5f00000)
  object space 124416K, 49% used [0x0000000081c00000,0x0000000085810d80,0x0000000089580000)
 Metaspace       used 27154K, capacity 27720K, committed 27824K, reserved 1073152K
  class space    used 2980K, capacity 3168K, committed 3248K, reserved 1048576K
GC Heap History (10 events):
Event: 26.378 GC heap before
{Heap before GC invocations=22 (full 2):
 PSYoungGen      total 57344K, used 5346K [0x00000000d5f00000, 0x00000000da780000, 0x0000000100000000)
  eden space 41472K, 0% used [0x00000000d5f00000,0x00000000d5f00000,0x00000000d8780000)
  from space 15872K, 33% used [0x00000000d9800000,0x00000000d9d38b38,0x00000000da780000)
  to   space 16384K, 0% used [0x00000000d8780000,0x00000000d8780000,0x00000000d9780000)
 ParOldGen       total 67072K, used 57229K [0x0000000081c00000, 0x0000000085d80000, 0x00000000d5f00000)
  object space 67072K, 85% used [0x0000000081c00000,0x00000000853e3488,0x0000000085d80000)
 Metaspace       used 22970K, capacity 23434K, committed 23600K, reserved 1071104K
  class space    used 2630K, capacity 2748K, committed 2864K, reserved 1048576K
Event: 26.533 GC heap after
Heap after GC invocations=22 (full 2):
 PSYoungGen      total 57344K, used 0K [0x00000000d5f00000, 0x00000000da780000, 0x0000000100000000)
  eden space 41472K, 0% used [0x00000000d5f00000,0x00000000d5f00000,0x00000000d8780000)
  from space 15872K, 0% used [0x00000000d9800000,0x00000000d9800000,0x00000000da780000)
  to   space 16384K, 0% used [0x00000000d8780000,0x00000000d8780000,0x00000000d9780000)
 ParOldGen       total 124416K, used 61482K [0x0000000081c00000, 0x0000000089580000, 0x00000000d5f00000)
  object space 124416K, 49% used [0x0000000081c00000,0x000000008580a9a0,0x0000000089580000)
 Metaspace       used 22970K, capacity 23434K, committed 23600K, reserved 1071104K
  class space    used 2630K, capacity 2748K, committed 2864K, reserved 1048576K
}
Event: 27.264 GC heap before
{Heap before GC invocations=23 (full 2):
 PSYoungGen      total 57344K, used 41472K [0x00000000d5f00000, 0x00000000da780000, 0x0000000100000000)
  eden space 41472K, 100% used [0x00000000d5f00000,0x00000000d8780000,0x00000000d8780000)
  from space 15872K, 0% used [0x00000000d9800000,0x00000000d9800000,0x00000000da780000)
  to   space 16384K, 0% used [0x00000000d8780000,0x00000000d8780000,0x00000000d9780000)
 ParOldGen       total 124416K, used 61482K [0x0000000081c00000, 0x0000000089580000, 0x00000000d5f00000)
  object space 124416K, 49% used [0x0000000081c00000,0x000000008580a9a0,0x0000000089580000)
 Metaspace       used 24198K, capacity 24746K, committed 25008K, reserved 1071104K
  class space    used 2741K, capacity 2908K, committed 2992K, reserved 1048576K
Event: 27.268 GC heap after
Heap after GC invocations=23 (full 2):
 PSYoungGen      total 57856K, used 5018K [0x00000000d5f00000, 0x00000000dad80000, 0x0000000100000000)
  eden space 41472K, 0% used [0x00000000d5f00000,0x00000000d5f00000,0x00000000d8780000)
  from space 16384K, 30% used [0x00000000d8780000,0x00000000d8c66a00,0x00000000d9780000)
  to   space 15872K, 0% used [0x00000000d9e00000,0x00000000d9e00000,0x00000000dad80000)
 ParOldGen       total 124416K, used 61490K [0x0000000081c00000, 0x0000000089580000, 0x00000000d5f00000)
  object space 124416K, 49% used [0x0000000081c00000,0x000000008580c9a0,0x0000000089580000)
 Metaspace       used 24198K, capacity 24746K, committed 25008K, reserved 1071104K
  class space    used 2741K, capacity 2908K, committed 2992K, reserved 1048576K
}
Event: 28.340 GC heap before
{Heap before GC invocations=24 (full 2):
 PSYoungGen      total 57856K, used 46490K [0x00000000d5f00000, 0x00000000dad80000, 0x0000000100000000)
  eden space 41472K, 100% used [0x00000000d5f00000,0x00000000d8780000,0x00000000d8780000)
  from space 16384K, 30% used [0x00000000d8780000,0x00000000d8c66a00,0x00000000d9780000)
  to   space 15872K, 0% used [0x00000000d9e00000,0x00000000d9e00000,0x00000000dad80000)
 ParOldGen       total 124416K, used 61490K [0x0000000081c00000, 0x0000000089580000, 0x00000000d5f00000)
  object space 124416K, 49% used [0x0000000081c00000,0x000000008580c9a0,0x0000000089580000)
 Metaspace       used 25067K, capacity 25546K, committed 25776K, reserved 1073152K
  class space    used 2783K, capacity 2940K, committed 2992K, reserved 1048576K
Event: 28.350 GC heap after
Heap after GC invocations=24 (full 2):
 PSYoungGen      total 62464K, used 8112K [0x00000000d5f00000, 0x00000000dac00000, 0x0000000100000000)
  eden space 48128K, 0% used [0x00000000d5f00000,0x00000000d5f00000,0x00000000d8e00000)
  from space 14336K, 56% used [0x00000000d9e00000,0x00000000da5ec0e0,0x00000000dac00000)
  to   space 15360K, 0% used [0x00000000d8e00000,0x00000000d8e00000,0x00000000d9d00000)
 ParOldGen       total 124416K, used 61490K [0x0000000081c00000, 0x0000000089580000, 0x00000000d5f00000)
  object space 124416K, 49% used [0x0000000081c00000,0x000000008580c9a0,0x0000000089580000)
 Metaspace       used 25067K, capacity 25546K, committed 25776K, reserved 1073152K
  class space    used 2783K, capacity 2940K, committed 2992K, reserved 1048576K
}
Event: 29.050 GC heap before
{Heap before GC invocations=25 (full 2):
 PSYoungGen      total 62464K, used 56240K [0x00000000d5f00000, 0x00000000dac00000, 0x0000000100000000)
  eden space 48128K, 100% used [0x00000000d5f00000,0x00000000d8e00000,0x00000000d8e00000)
  from space 14336K, 56% used [0x00000000d9e00000,0x00000000da5ec0e0,0x00000000dac00000)
  to   space 15360K, 0% used [0x00000000d8e00000,0x00000000d8e00000,0x00000000d9d00000)
 ParOldGen       total 124416K, used 61490K [0x0000000081c00000, 0x0000000089580000, 0x00000000d5f00000)
  object space 124416K, 49% used [0x0000000081c00000,0x000000008580c9a0,0x0000000089580000)
 Metaspace       used 25242K, capacity 25738K, committed 26032K, reserved 1073152K
  class space    used 2787K, capacity 2940K, committed 2992K, reserved 1048576K
Event: 29.059 GC heap after
Heap after GC invocations=25 (full 2):
 PSYoungGen      total 63488K, used 9610K [0x00000000d5f00000, 0x00000000db400000, 0x0000000100000000)
  eden space 48128K, 0% used [0x00000000d5f00000,0x00000000d5f00000,0x00000000d8e00000)
  from space 15360K, 62% used [0x00000000d8e00000,0x00000000d97629a8,0x00000000d9d00000)
  to   space 15872K, 0% used [0x00000000da480000,0x00000000da480000,0x00000000db400000)
 ParOldGen       total 124416K, used 61490K [0x0000000081c00000, 0x0000000089580000, 0x00000000d5f00000)
  object space 124416K, 49% used [0x0000000081c00000,0x000000008580c9a0,0x0000000089580000)
 Metaspace       used 25242K, capacity 25738K, committed 26032K, reserved 1073152K
  class space    used 2787K, capacity 2940K, committed 2992K, reserved 1048576K
}
Event: 31.929 GC heap before
{Heap before GC invocations=26 (full 2):
 PSYoungGen      total 63488K, used 57738K [0x00000000d5f00000, 0x00000000db400000, 0x0000000100000000)
  eden space 48128K, 100% used [0x00000000d5f00000,0x00000000d8e00000,0x00000000d8e00000)
  from space 15360K, 62% used [0x00000000d8e00000,0x00000000d97629a8,0x00000000d9d00000)
  to   space 15872K, 0% used [0x00000000da480000,0x00000000da480000,0x00000000db400000)
 ParOldGen       total 124416K, used 61499K [0x0000000081c00000, 0x0000000089580000, 0x00000000d5f00000)
  object space 124416K, 49% used [0x0000000081c00000,0x000000008580ed80,0x0000000089580000)
 Metaspace       used 26162K, capacity 26760K, committed 26928K, reserved 1073152K
  class space    used 2863K, capacity 3040K, committed 3120K, reserved 1048576K
Event: 31.937 GC heap after
Heap after GC invocations=26 (full 2):
 PSYoungGen      total 70144K, used 11480K [0x00000000d5f00000, 0x00000000db400000, 0x0000000100000000)
  eden space 54272K, 0% used [0x00000000d5f00000,0x00000000d5f00000,0x00000000d9400000)
  from space 15872K, 72% used [0x00000000da480000,0x00000000dafb62f0,0x00000000db400000)
  to   space 16384K, 0% used [0x00000000d9400000,0x00000000d9400000,0x00000000da400000)
 ParOldGen       total 124416K, used 61507K [0x0000000081c00000, 0x0000000089580000, 0x00000000d5f00000)
  object space 124416K, 49% used [0x0000000081c00000,0x0000000085810d80,0x0000000089580000)
 Metaspace       used 26162K, capacity 26760K, committed 26928K, reserved 1073152K
  class space    used 2863K, capacity 3040K, committed 3120K, reserved 1048576K
}

