# JRE version: Java(TM) SE Runtime Environment (8.0_161-b12) (build 1.8.0_161-b12)
# Java VM: Java HotSpot(TM) 64-Bit Server VM (25.161-b12 mixed mode windows-amd64 compressed oops)
Heap:
 PSYoungGen      total 139264K, used 17903K [0x00000000d5f00000, 0x00000000df100000, 0x0000000100000000)
  eden space 131584K, 13% used [0x00000000d5f00000,0x00000000d707bff8,0x00000000ddf80000)
  from space 7680K, 0% used [0x00000000de980000,0x00000000de980000,0x00000000df100000)
  to   space 6144K, 0% used [0x00000000ddf80000,0x00000000ddf80000,0x00000000de580000)
 ParOldGen       total 56832K, used 13141K [0x0000000081c00000, 0x0000000085380000, 0x00000000d5f00000)
  object space 56832K, 23% used [0x0000000081c00000,0x00000000828d5758,0x0000000085380000)
 Metaspace       used 29286K, capacity 30146K, committed 30384K, reserved 1075200K
  class space    used 3769K, capacity 3952K, committed 4016K, reserved 1048576K
GC Heap History (10 events):
Event: 2.647 GC heap before
{Heap before GC invocations=6 (full 0):
 PSYoungGen      total 38400K, used 38376K [0x00000000d5f00000, 0x00000000dac00000, 0x0000000100000000)
  eden space 33280K, 100% used [0x00000000d5f00000,0x00000000d7f80000,0x00000000d7f80000)
  from space 5120K, 99% used [0x00000000d7f80000,0x00000000d847a098,0x00000000d8480000)
  to   space 6144K, 0% used [0x00000000da600000,0x00000000da600000,0x00000000dac00000)
 ParOldGen       total 87552K, used 208K [0x0000000081c00000, 0x0000000087180000, 0x00000000d5f00000)
  object space 87552K, 0% used [0x0000000081c00000,0x0000000081c34108,0x0000000087180000)
 Metaspace       used 17807K, capacity 18258K, committed 18432K, reserved 1064960K
  class space    used 2309K, capacity 2436K, committed 2560K, reserved 1048576K
Event: 2.652 GC heap after
Heap after GC invocations=6 (full 0):
 PSYoungGen      total 72192K, used 5673K [0x00000000d5f00000, 0x00000000dad00000, 0x0000000100000000)
  eden space 66048K, 0% used [0x00000000d5f00000,0x00000000d5f00000,0x00000000d9f80000)
  from space 6144K, 92% used [0x00000000da600000,0x00000000dab8a530,0x00000000dac00000)
  to   space 6656K, 0% used [0x00000000d9f80000,0x00000000d9f80000,0x00000000da600000)
 ParOldGen       total 87552K, used 280K [0x0000000081c00000, 0x0000000087180000, 0x00000000d5f00000)
  object space 87552K, 0% used [0x0000000081c00000,0x0000000081c46118,0x0000000087180000)
 Metaspace       used 17807K, capacity 18258K, committed 18432K, reserved 1064960K
  class space    used 2309K, capacity 2436K, committed 2560K, reserved 1048576K
}
Event: 3.112 GC heap before
{Heap before GC invocations=7 (full 0):
 PSYoungGen      total 72192K, used 55786K [0x00000000d5f00000, 0x00000000dad00000, 0x0000000100000000)
  eden space 66048K, 75% used [0x00000000d5f00000,0x00000000d8ff0488,0x00000000d9f80000)
  from space 6144K, 92% used [0x00000000da600000,0x00000000dab8a530,0x00000000dac00000)
  to   space 6656K, 0% used [0x00000000d9f80000,0x00000000d9f80000,0x00000000da600000)
 ParOldGen       total 87552K, used 280K [0x0000000081c00000, 0x0000000087180000, 0x00000000d5f00000)
  object space 87552K, 0% used [0x0000000081c00000,0x0000000081c46118,0x0000000087180000)
 Metaspace       used 20679K, capacity 21176K, committed 21296K, reserved 1067008K
  class space    used 2680K, capacity 2821K, committed 2864K, reserved 1048576K
Event: 3.120 GC heap after
Heap after GC invocations=7 (full 0):
 PSYoungGen      total 72704K, used 5354K [0x00000000d5f00000, 0x00000000ded00000, 0x0000000100000000)
  eden space 66048K, 0% used [0x00000000d5f00000,0x00000000d5f00000,0x00000000d9f80000)
  from space 6656K, 80% used [0x00000000d9f80000,0x00000000da4ba900,0x00000000da600000)
  to   space 6656K, 0% used [0x00000000de680000,0x00000000de680000,0x00000000ded00000)
 ParOldGen       total 87552K, used 2888K [0x0000000081c00000, 0x0000000087180000, 0x00000000d5f00000)
  object space 87552K, 3% used [0x0000000081c00000,0x0000000081ed2240,0x0000000087180000)
 Metaspace       used 20679K, capacity 21176K, committed 21296K, reserved 1067008K
  class space    used 2680K, capacity 2821K, committed 2864K, reserved 1048576K
}
Event: 3.120 GC heap before
{Heap before GC invocations=8 (full 1):
 PSYoungGen      total 72704K, used 5354K [0x00000000d5f00000, 0x00000000ded00000, 0x0000000100000000)
  eden space 66048K, 0% used [0x00000000d5f00000,0x00000000d5f00000,0x00000000d9f80000)
  from space 6656K, 80% used [0x00000000d9f80000,0x00000000da4ba900,0x00000000da600000)
  to   space 6656K, 0% used [0x00000000de680000,0x00000000de680000,0x00000000ded00000)
 ParOldGen       total 87552K, used 2888K [0x0000000081c00000, 0x0000000087180000, 0x00000000d5f00000)
  object space 87552K, 3% used [0x0000000081c00000,0x0000000081ed2240,0x0000000087180000)
 Metaspace       used 20679K, capacity 21176K, committed 21296K, reserved 1067008K
  class space    used 2680K, capacity 2821K, committed 2864K, reserved 1048576K
Event: 3.153 GC heap after
Heap after GC invocations=8 (full 1):
 PSYoungGen      total 72704K, used 0K [0x00000000d5f00000, 0x00000000ded00000, 0x0000000100000000)
  eden space 66048K, 0% used [0x00000000d5f00000,0x00000000d5f00000,0x00000000d9f80000)
  from space 6656K, 0% used [0x00000000d9f80000,0x00000000d9f80000,0x00000000da600000)
  to   space 6656K, 0% used [0x00000000de680000,0x00000000de680000,0x00000000ded00000)
 ParOldGen       total 56832K, used 7754K [0x0000000081c00000, 0x0000000085380000, 0x00000000d5f00000)
  object space 56832K, 13% used [0x0000000081c00000,0x0000000082392a10,0x0000000085380000)
 Metaspace       used 20679K, capacity 21176K, committed 21296K, reserved 1067008K
  class space    used 2680K, capacity 2821K, committed 2864K, reserved 1048576K
}
Event: 4.018 GC heap before
{Heap before GC invocations=9 (full 1):
 PSYoungGen      total 72704K, used 66048K [0x00000000d5f00000, 0x00000000ded00000, 0x0000000100000000)
  eden space 66048K, 100% used [0x00000000d5f00000,0x00000000d9f80000,0x00000000d9f80000)
  from space 6656K, 0% used [0x00000000d9f80000,0x00000000d9f80000,0x00000000da600000)
  to   space 6656K, 0% used [0x00000000de680000,0x00000000de680000,0x00000000ded00000)
 ParOldGen       total 56832K, used 7754K [0x0000000081c00000, 0x0000000085380000, 0x00000000d5f00000)
  object space 56832K, 13% used [0x0000000081c00000,0x0000000082392a10,0x0000000085380000)
 Metaspace       used 24678K, capacity 25266K, committed 25392K, reserved 1071104K
  class space    used 3202K, capacity 3352K, committed 3376K, reserved 1048576K
Event: 4.025 GC heap after
Heap after GC invocations=9 (full 1):
 PSYoungGen      total 108032K, used 4769K [0x00000000d5f00000, 0x00000000deb80000, 0x0000000100000000)
  eden space 102912K, 0% used [0x00000000d5f00000,0x00000000d5f00000,0x00000000dc380000)
  from space 5120K, 93% used [0x00000000de680000,0x00000000deb28568,0x00000000deb80000)
  to   space 6144K, 0% used [0x00000000ddf80000,0x00000000ddf80000,0x00000000de580000)
 ParOldGen       total 56832K, used 7762K [0x0000000081c00000, 0x0000000085380000, 0x00000000d5f00000)
  object space 56832K, 13% used [0x0000000081c00000,0x0000000082394a10,0x0000000085380000)
 Metaspace       used 24678K, capacity 25266K, committed 25392K, reserved 1071104K
  class space    used 3202K, capacity 3352K, committed 3376K, reserved 1048576K
}
Event: 6.067 GC heap before
{Heap before GC invocations=10 (full 1):
 PSYoungGen      total 108032K, used 107681K [0x00000000d5f00000, 0x00000000deb80000, 0x0000000100000000)
  eden space 102912K, 100% used [0x00000000d5f00000,0x00000000dc380000,0x00000000dc380000)
  from space 5120K, 93% used [0x00000000de680000,0x00000000deb28568,0x00000000deb80000)
  to   space 6144K, 0% used [0x00000000ddf80000,0x00000000ddf80000,0x00000000de580000)
 ParOldGen       total 56832K, used 7762K [0x0000000081c00000, 0x0000000085380000, 0x00000000d5f00000)
  object space 56832K, 13% used [0x0000000081c00000,0x0000000082394a10,0x0000000085380000)
 Metaspace       used 28428K, capacity 29202K, committed 29488K, reserved 1075200K
  class space    used 3650K, capacity 3824K, committed 3888K, reserved 1048576K
Event: 6.074 GC heap after
Heap after GC invocations=10 (full 1):
 PSYoungGen      total 137728K, used 6128K [0x00000000d5f00000, 0x00000000df100000, 0x0000000100000000)
  eden space 131584K, 0% used [0x00000000d5f00000,0x00000000d5f00000,0x00000000ddf80000)
  from space 6144K, 99% used [0x00000000ddf80000,0x00000000de57c030,0x00000000de580000)
  to   space 7680K, 0% used [0x00000000de980000,0x00000000de980000,0x00000000df100000)
 ParOldGen       total 56832K, used 9738K [0x0000000081c00000, 0x0000000085380000, 0x00000000d5f00000)
  object space 56832K, 17% used [0x0000000081c00000,0x0000000082582848,0x0000000085380000)
 Metaspace       used 28428K, capacity 29202K, committed 29488K, reserved 1075200K
  class space    used 3650K, capacity 3824K, committed 3888K, reserved 1048576K
}

