# JRE version: Java(TM) SE Runtime Environment (8.0_161-b12) (build 1.8.0_161-b12)
# Java VM: Java HotSpot(TM) 64-Bit Server VM (25.161-b12 mixed mode windows-amd64 compressed oops)
Heap:
 PSYoungGen      total 32256K, used 21827K [0x00000000d5f00000, 0x00000000da900000, 0x0000000100000000)
  eden space 27136K, 74% used [0x00000000d5f00000,0x00000000d72a8d18,0x00000000d7980000)
  from space 5120K, 33% used [0x00000000d8480000,0x00000000d8628000,0x00000000d8980000)
  to   space 11264K, 0% used [0x00000000d7980000,0x00000000d7980000,0x00000000d8480000)
 ParOldGen       total 87552K, used 31181K [0x0000000081c00000, 0x0000000087180000, 0x00000000d5f00000)
  object space 87552K, 35% used [0x0000000081c00000,0x0000000083a73418,0x0000000087180000)
 Metaspace       used 17699K, capacity 18144K, committed 18304K, reserved 1064960K
  class space    used 2039K, capacity 2155K, committed 2176K, reserved 1048576K
GC Heap History (10 events):
Event: 2.940 GC heap before
{Heap before GC invocations=8 (full 0):
 PSYoungGen      total 38400K, used 38384K [0x00000000d5f00000, 0x00000000d8980000, 0x0000000100000000)
  eden space 33280K, 100% used [0x00000000d5f00000,0x00000000d7f80000,0x00000000d7f80000)
  from space 5120K, 99% used [0x00000000d7f80000,0x00000000d847c010,0x00000000d8480000)
  to   space 5120K, 0% used [0x00000000d8480000,0x00000000d8480000,0x00000000d8980000)
 ParOldGen       total 87552K, used 16898K [0x0000000081c00000, 0x0000000087180000, 0x00000000d5f00000)
  object space 87552K, 19% used [0x0000000081c00000,0x0000000082c80a78,0x0000000087180000)
 Metaspace       used 16371K, capacity 16706K, committed 16896K, reserved 1064960K
  class space    used 1929K, capacity 2018K, committed 2048K, reserved 1048576K
Event: 2.951 GC heap after
Heap after GC invocations=8 (full 0):
 PSYoungGen      total 38400K, used 4480K [0x00000000d5f00000, 0x00000000d8980000, 0x0000000100000000)
  eden space 33280K, 0% used [0x00000000d5f00000,0x00000000d5f00000,0x00000000d7f80000)
  from space 5120K, 87% used [0x00000000d8480000,0x00000000d88e0000,0x00000000d8980000)
  to   space 5120K, 0% used [0x00000000d7f80000,0x00000000d7f80000,0x00000000d8480000)
 ParOldGen       total 87552K, used 20268K [0x0000000081c00000, 0x0000000087180000, 0x00000000d5f00000)
  object space 87552K, 23% used [0x0000000081c00000,0x0000000082fcb2a8,0x0000000087180000)
 Metaspace       used 16371K, capacity 16706K, committed 16896K, reserved 1064960K
  class space    used 1929K, capacity 2018K, committed 2048K, reserved 1048576K
}
Event: 3.191 GC heap before
{Heap before GC invocations=9 (full 0):
 PSYoungGen      total 38400K, used 37760K [0x00000000d5f00000, 0x00000000d8980000, 0x0000000100000000)
  eden space 33280K, 100% used [0x00000000d5f00000,0x00000000d7f80000,0x00000000d7f80000)
  from space 5120K, 87% used [0x00000000d8480000,0x00000000d88e0000,0x00000000d8980000)
  to   space 5120K, 0% used [0x00000000d7f80000,0x00000000d7f80000,0x00000000d8480000)
 ParOldGen       total 87552K, used 20268K [0x0000000081c00000, 0x0000000087180000, 0x00000000d5f00000)
  object space 87552K, 23% used [0x0000000081c00000,0x0000000082fcb2a8,0x0000000087180000)
 Metaspace       used 16501K, capacity 16904K, committed 17152K, reserved 1064960K
  class space    used 1929K, capacity 2019K, committed 2048K, reserved 1048576K
Event: 3.199 GC heap after
Heap after GC invocations=9 (full 0):
 PSYoungGen      total 38400K, used 5120K [0x00000000d5f00000, 0x00000000d8980000, 0x0000000100000000)
  eden space 33280K, 0% used [0x00000000d5f00000,0x00000000d5f00000,0x00000000d7f80000)
  from space 5120K, 100% used [0x00000000d7f80000,0x00000000d8480000,0x00000000d8480000)
  to   space 5120K, 0% used [0x00000000d8480000,0x00000000d8480000,0x00000000d8980000)
 ParOldGen       total 87552K, used 21348K [0x0000000081c00000, 0x0000000087180000, 0x00000000d5f00000)
  object space 87552K, 24% used [0x0000000081c00000,0x00000000830d92a8,0x0000000087180000)
 Metaspace       used 16501K, capacity 16904K, committed 17152K, reserved 1064960K
  class space    used 1929K, capacity 2019K, committed 2048K, reserved 1048576K
}
Event: 3.460 GC heap before
{Heap before GC invocations=10 (full 0):
 PSYoungGen      total 38400K, used 38400K [0x00000000d5f00000, 0x00000000d8980000, 0x0000000100000000)
  eden space 33280K, 100% used [0x00000000d5f00000,0x00000000d7f80000,0x00000000d7f80000)
  from space 5120K, 100% used [0x00000000d7f80000,0x00000000d8480000,0x00000000d8480000)
  to   space 5120K, 0% used [0x00000000d8480000,0x00000000d8480000,0x00000000d8980000)
 ParOldGen       total 87552K, used 21348K [0x0000000081c00000, 0x0000000087180000, 0x00000000d5f00000)
  object space 87552K, 24% used [0x0000000081c00000,0x00000000830d92a8,0x0000000087180000)
 Metaspace       used 16594K, capacity 16968K, committed 17152K, reserved 1064960K
  class space    used 1929K, capacity 2019K, committed 2048K, reserved 1048576K
Event: 3.468 GC heap after
Heap after GC invocations=10 (full 0):
 PSYoungGen      total 38400K, used 4000K [0x00000000d5f00000, 0x00000000d8980000, 0x0000000100000000)
  eden space 33280K, 0% used [0x00000000d5f00000,0x00000000d5f00000,0x00000000d7f80000)
  from space 5120K, 78% used [0x00000000d8480000,0x00000000d8868000,0x00000000d8980000)
  to   space 5120K, 0% used [0x00000000d7f80000,0x00000000d7f80000,0x00000000d8480000)
 ParOldGen       total 87552K, used 24782K [0x0000000081c00000, 0x0000000087180000, 0x00000000d5f00000)
  object space 87552K, 28% used [0x0000000081c00000,0x0000000083433958,0x0000000087180000)
 Metaspace       used 16594K, capacity 16968K, committed 17152K, reserved 1064960K
  class space    used 1929K, capacity 2019K, committed 2048K, reserved 1048576K
}
Event: 3.719 GC heap before
{Heap before GC invocations=11 (full 0):
 PSYoungGen      total 38400K, used 37280K [0x00000000d5f00000, 0x00000000d8980000, 0x0000000100000000)
  eden space 33280K, 100% used [0x00000000d5f00000,0x00000000d7f80000,0x00000000d7f80000)
  from space 5120K, 78% used [0x00000000d8480000,0x00000000d8868000,0x00000000d8980000)
  to   space 5120K, 0% used [0x00000000d7f80000,0x00000000d7f80000,0x00000000d8480000)
 ParOldGen       total 87552K, used 24782K [0x0000000081c00000, 0x0000000087180000, 0x00000000d5f00000)
  object space 87552K, 28% used [0x0000000081c00000,0x0000000083433958,0x0000000087180000)
 Metaspace       used 16689K, capacity 17032K, committed 17152K, reserved 1064960K
  class space    used 1929K, capacity 2019K, committed 2048K, reserved 1048576K
Event: 3.727 GC heap after
Heap after GC invocations=11 (full 0):
 PSYoungGen      total 38400K, used 2656K [0x00000000d5f00000, 0x00000000d8980000, 0x0000000100000000)
  eden space 33280K, 0% used [0x00000000d5f00000,0x00000000d5f00000,0x00000000d7f80000)
  from space 5120K, 51% used [0x00000000d7f80000,0x00000000d8218000,0x00000000d8480000)
  to   space 5120K, 0% used [0x00000000d8480000,0x00000000d8480000,0x00000000d8980000)
 ParOldGen       total 87552K, used 28662K [0x0000000081c00000, 0x0000000087180000, 0x00000000d5f00000)
  object space 87552K, 32% used [0x0000000081c00000,0x00000000837fda10,0x0000000087180000)
 Metaspace       used 16689K, capacity 17032K, committed 17152K, reserved 1064960K
  class space    used 1929K, capacity 2019K, committed 2048K, reserved 1048576K
}
Event: 4.214 GC heap before
{Heap before GC invocations=12 (full 0):
 PSYoungGen      total 38400K, used 35936K [0x00000000d5f00000, 0x00000000d8980000, 0x0000000100000000)
  eden space 33280K, 100% used [0x00000000d5f00000,0x00000000d7f80000,0x00000000d7f80000)
  from space 5120K, 51% used [0x00000000d7f80000,0x00000000d8218000,0x00000000d8480000)
  to   space 5120K, 0% used [0x00000000d8480000,0x00000000d8480000,0x00000000d8980000)
 ParOldGen       total 87552K, used 28662K [0x0000000081c00000, 0x0000000087180000, 0x00000000d5f00000)
  object space 87552K, 32% used [0x0000000081c00000,0x00000000837fda10,0x0000000087180000)
 Metaspace       used 16889K, capacity 17320K, committed 17536K, reserved 1064960K
  class space    used 1945K, capacity 2051K, committed 2176K, reserved 1048576K
Event: 4.219 GC heap after
Heap after GC invocations=12 (full 0):
 PSYoungGen      total 32256K, used 1696K [0x00000000d5f00000, 0x00000000da900000, 0x0000000100000000)
  eden space 27136K, 0% used [0x00000000d5f00000,0x00000000d5f00000,0x00000000d7980000)
  from space 5120K, 33% used [0x00000000d8480000,0x00000000d8628000,0x00000000d8980000)
  to   space 11264K, 0% used [0x00000000d7980000,0x00000000d7980000,0x00000000d8480000)
 ParOldGen       total 87552K, used 31181K [0x0000000081c00000, 0x0000000087180000, 0x00000000d5f00000)
  object space 87552K, 35% used [0x0000000081c00000,0x0000000083a73418,0x0000000087180000)
 Metaspace       used 16889K, capacity 17320K, committed 17536K, reserved 1064960K
  class space    used 1945K, capacity 2051K, committed 2176K, reserved 1048576K
}

