# JRE version: Java(TM) SE Runtime Environment (8.0_161-b12) (build 1.8.0_161-b12)
# Java VM: Java HotSpot(TM) 64-Bit Server VM (25.161-b12 mixed mode windows-amd64 compressed oops)
Heap:
 PSYoungGen      total 72192K, used 29636K [0x00000000d5f00000, 0x00000000dad00000, 0x0000000100000000)
  eden space 66048K, 36% used [0x00000000d5f00000,0x00000000d76ad0e0,0x00000000d9f80000)
  from space 6144K, 87% used [0x00000000da600000,0x00000000dab44190,0x00000000dac00000)
  to   space 6656K, 0% used [0x00000000d9f80000,0x00000000d9f80000,0x00000000da600000)
 ParOldGen       total 54272K, used 7842K [0x0000000081c00000, 0x0000000085100000, 0x00000000d5f00000)
  object space 54272K, 14% used [0x0000000081c00000,0x00000000823a8a58,0x0000000085100000)
 Metaspace       used 25564K, capacity 26206K, committed 26368K, reserved 1073152K
  class space    used 3293K, capacity 3470K, committed 3584K, reserved 1048576K
GC Heap History (10 events):
Event: 1.369 GC heap before
{Heap before GC invocations=5 (full 0):
 PSYoungGen      total 38400K, used 38348K [0x00000000d5f00000, 0x00000000daa00000, 0x0000000100000000)
  eden space 33280K, 100% used [0x00000000d5f00000,0x00000000d7f80000,0x00000000d7f80000)
  from space 5120K, 98% used [0x00000000d8480000,0x00000000d8973120,0x00000000d8980000)
  to   space 5120K, 0% used [0x00000000d7f80000,0x00000000d7f80000,0x00000000d8480000)
 ParOldGen       total 87552K, used 32K [0x0000000081c00000, 0x0000000087180000, 0x00000000d5f00000)
  object space 87552K, 0% used [0x0000000081c00000,0x0000000081c08000,0x0000000087180000)
 Metaspace       used 16926K, capacity 17388K, committed 17664K, reserved 1064960K
  class space    used 2114K, capacity 2275K, committed 2304K, reserved 1048576K
Event: 1.374 GC heap after
Heap after GC invocations=5 (full 0):
 PSYoungGen      total 38400K, used 5111K [0x00000000d5f00000, 0x00000000dac00000, 0x0000000100000000)
  eden space 33280K, 0% used [0x00000000d5f00000,0x00000000d5f00000,0x00000000d7f80000)
  from space 5120K, 99% used [0x00000000d7f80000,0x00000000d847ddd8,0x00000000d8480000)
  to   space 6144K, 0% used [0x00000000da600000,0x00000000da600000,0x00000000dac00000)
 ParOldGen       total 87552K, used 423K [0x0000000081c00000, 0x0000000087180000, 0x00000000d5f00000)
  object space 87552K, 0% used [0x0000000081c00000,0x0000000081c69c68,0x0000000087180000)
 Metaspace       used 16926K, capacity 17388K, committed 17664K, reserved 1064960K
  class space    used 2114K, capacity 2275K, committed 2304K, reserved 1048576K
}
Event: 1.466 GC heap before
{Heap before GC invocations=6 (full 0):
 PSYoungGen      total 38400K, used 38391K [0x00000000d5f00000, 0x00000000dac00000, 0x0000000100000000)
  eden space 33280K, 100% used [0x00000000d5f00000,0x00000000d7f80000,0x00000000d7f80000)
  from space 5120K, 99% used [0x00000000d7f80000,0x00000000d847ddd8,0x00000000d8480000)
  to   space 6144K, 0% used [0x00000000da600000,0x00000000da600000,0x00000000dac00000)
 ParOldGen       total 87552K, used 423K [0x0000000081c00000, 0x0000000087180000, 0x00000000d5f00000)
  object space 87552K, 0% used [0x0000000081c00000,0x0000000081c69c68,0x0000000087180000)
 Metaspace       used 17864K, capacity 18324K, committed 18432K, reserved 1064960K
  class space    used 2332K, capacity 2473K, committed 2560K, reserved 1048576K
Event: 1.474 GC heap after
Heap after GC invocations=6 (full 0):
 PSYoungGen      total 72192K, used 5592K [0x00000000d5f00000, 0x00000000dad00000, 0x0000000100000000)
  eden space 66048K, 0% used [0x00000000d5f00000,0x00000000d5f00000,0x00000000d9f80000)
  from space 6144K, 91% used [0x00000000da600000,0x00000000dab762f8,0x00000000dac00000)
  to   space 6656K, 0% used [0x00000000d9f80000,0x00000000d9f80000,0x00000000da600000)
 ParOldGen       total 87552K, used 431K [0x0000000081c00000, 0x0000000087180000, 0x00000000d5f00000)
  object space 87552K, 0% used [0x0000000081c00000,0x0000000081c6bc68,0x0000000087180000)
 Metaspace       used 17864K, capacity 18324K, committed 18432K, reserved 1064960K
  class space    used 2332K, capacity 2473K, committed 2560K, reserved 1048576K
}
Event: 1.653 GC heap before
{Heap before GC invocations=7 (full 0):
 PSYoungGen      total 72192K, used 57408K [0x00000000d5f00000, 0x00000000dad00000, 0x0000000100000000)
  eden space 66048K, 78% used [0x00000000d5f00000,0x00000000d9199d80,0x00000000d9f80000)
  from space 6144K, 91% used [0x00000000da600000,0x00000000dab762f8,0x00000000dac00000)
  to   space 6656K, 0% used [0x00000000d9f80000,0x00000000d9f80000,0x00000000da600000)
 ParOldGen       total 87552K, used 431K [0x0000000081c00000, 0x0000000087180000, 0x00000000d5f00000)
  object space 87552K, 0% used [0x0000000081c00000,0x0000000081c6bc68,0x0000000087180000)
 Metaspace       used 20635K, capacity 21122K, committed 21296K, reserved 1067008K
  class space    used 2684K, capacity 2826K, committed 2944K, reserved 1048576K
Event: 1.664 GC heap after
Heap after GC invocations=7 (full 0):
 PSYoungGen      total 72704K, used 5435K [0x00000000d5f00000, 0x00000000dad00000, 0x0000000100000000)
  eden space 66048K, 0% used [0x00000000d5f00000,0x00000000d5f00000,0x00000000d9f80000)
  from space 6656K, 81% used [0x00000000d9f80000,0x00000000da4cef10,0x00000000da600000)
  to   space 6144K, 0% used [0x00000000da600000,0x00000000da600000,0x00000000dac00000)
 ParOldGen       total 87552K, used 3042K [0x0000000081c00000, 0x0000000087180000, 0x00000000d5f00000)
  object space 87552K, 3% used [0x0000000081c00000,0x0000000081ef8b58,0x0000000087180000)
 Metaspace       used 20635K, capacity 21122K, committed 21296K, reserved 1067008K
  class space    used 2684K, capacity 2826K, committed 2944K, reserved 1048576K
}
Event: 1.664 GC heap before
{Heap before GC invocations=8 (full 1):
 PSYoungGen      total 72704K, used 5435K [0x00000000d5f00000, 0x00000000dad00000, 0x0000000100000000)
  eden space 66048K, 0% used [0x00000000d5f00000,0x00000000d5f00000,0x00000000d9f80000)
  from space 6656K, 81% used [0x00000000d9f80000,0x00000000da4cef10,0x00000000da600000)
  to   space 6144K, 0% used [0x00000000da600000,0x00000000da600000,0x00000000dac00000)
 ParOldGen       total 87552K, used 3042K [0x0000000081c00000, 0x0000000087180000, 0x00000000d5f00000)
  object space 87552K, 3% used [0x0000000081c00000,0x0000000081ef8b58,0x0000000087180000)
 Metaspace       used 20635K, capacity 21122K, committed 21296K, reserved 1067008K
  class space    used 2684K, capacity 2826K, committed 2944K, reserved 1048576K
Event: 1.694 GC heap after
Heap after GC invocations=8 (full 1):
 PSYoungGen      total 72704K, used 0K [0x00000000d5f00000, 0x00000000dad00000, 0x0000000100000000)
  eden space 66048K, 0% used [0x00000000d5f00000,0x00000000d5f00000,0x00000000d9f80000)
  from space 6656K, 0% used [0x00000000d9f80000,0x00000000d9f80000,0x00000000da600000)
  to   space 6144K, 0% used [0x00000000da600000,0x00000000da600000,0x00000000dac00000)
 ParOldGen       total 54272K, used 7834K [0x0000000081c00000, 0x0000000085100000, 0x00000000d5f00000)
  object space 54272K, 14% used [0x0000000081c00000,0x00000000823a6a58,0x0000000085100000)
 Metaspace       used 20635K, capacity 21122K, committed 21296K, reserved 1067008K
  class space    used 2684K, capacity 2826K, committed 2944K, reserved 1048576K
}
Event: 2.034 GC heap before
{Heap before GC invocations=9 (full 1):
 PSYoungGen      total 72704K, used 66048K [0x00000000d5f00000, 0x00000000dad00000, 0x0000000100000000)
  eden space 66048K, 100% used [0x00000000d5f00000,0x00000000d9f80000,0x00000000d9f80000)
  from space 6656K, 0% used [0x00000000d9f80000,0x00000000d9f80000,0x00000000da600000)
  to   space 6144K, 0% used [0x00000000da600000,0x00000000da600000,0x00000000dac00000)
 ParOldGen       total 54272K, used 7834K [0x0000000081c00000, 0x0000000085100000, 0x00000000d5f00000)
  object space 54272K, 14% used [0x0000000081c00000,0x00000000823a6a58,0x0000000085100000)
 Metaspace       used 24534K, capacity 25196K, committed 25472K, reserved 1071104K
  class space    used 3169K, capacity 3333K, committed 3456K, reserved 1048576K
Event: 2.041 GC heap after
Heap after GC invocations=9 (full 1):
 PSYoungGen      total 72192K, used 5392K [0x00000000d5f00000, 0x00000000dad00000, 0x0000000100000000)
  eden space 66048K, 0% used [0x00000000d5f00000,0x00000000d5f00000,0x00000000d9f80000)
  from space 6144K, 87% used [0x00000000da600000,0x00000000dab44190,0x00000000dac00000)
  to   space 6656K, 0% used [0x00000000d9f80000,0x00000000d9f80000,0x00000000da600000)
 ParOldGen       total 54272K, used 7842K [0x0000000081c00000, 0x0000000085100000, 0x00000000d5f00000)
  object space 54272K, 14% used [0x0000000081c00000,0x00000000823a8a58,0x0000000085100000)
 Metaspace       used 24534K, capacity 25196K, committed 25472K, reserved 1071104K
  class space    used 3169K, capacity 3333K, committed 3456K, reserved 1048576K
}

