# JRE version: Java(TM) SE Runtime Environment (8.0_161-b12) (build 1.8.0_161-b12)
# Java VM: Java HotSpot(TM) 64-Bit Server VM (25.161-b12 mixed mode windows-amd64 compressed oops)
Heap:
 PSYoungGen      total 234496K, used 46360K [0x00000000d5f00000, 0x00000000e8b00000, 0x0000000100000000)
  eden space 221696K, 20% used [0x00000000d5f00000,0x00000000d8c46350,0x00000000e3780000)
  from space 12800K, 0% used [0x00000000e3780000,0x00000000e3780000,0x00000000e4400000)
  to   space 12288K, 0% used [0x00000000e7f00000,0x00000000e7f00000,0x00000000e8b00000)
 ParOldGen       total 91648K, used 28728K [0x0000000081c00000, 0x0000000087580000, 0x00000000d5f00000)
  object space 91648K, 31% used [0x0000000081c00000,0x000000008380e3d8,0x0000000087580000)
 Metaspace       used 57868K, capacity 60260K, committed 60568K, reserved 1101824K
  class space    used 7805K, capacity 8239K, committed 8344K, reserved 1048576K
GC Heap History (10 events):
Event: 8.981 GC heap before
{Heap before GC invocations=14 (full 2):
 PSYoungGen      total 150016K, used 140800K [0x00000000d5f00000, 0x00000000e2b00000, 0x0000000100000000)
  eden space 140800K, 100% used [0x00000000d5f00000,0x00000000de880000,0x00000000de880000)
  from space 9216K, 0% used [0x00000000de880000,0x00000000de880000,0x00000000df180000)
  to   space 9216K, 0% used [0x00000000e2200000,0x00000000e2200000,0x00000000e2b00000)
 ParOldGen       total 91648K, used 17540K [0x0000000081c00000, 0x0000000087580000, 0x00000000d5f00000)
  object space 91648K, 19% used [0x0000000081c00000,0x0000000082d21098,0x0000000087580000)
 Metaspace       used 39684K, capacity 41196K, committed 41384K, reserved 1085440K
  class space    used 5158K, capacity 5459K, committed 5544K, reserved 1048576K
Event: 8.986 GC heap after
Heap after GC invocations=14 (full 2):
 PSYoungGen      total 185344K, used 6615K [0x00000000d5f00000, 0x00000000e2880000, 0x0000000100000000)
  eden space 178688K, 0% used [0x00000000d5f00000,0x00000000d5f00000,0x00000000e0d80000)
  from space 6656K, 99% used [0x00000000e2200000,0x00000000e2875f80,0x00000000e2880000)
  to   space 9216K, 0% used [0x00000000e1680000,0x00000000e1680000,0x00000000e1f80000)
 ParOldGen       total 91648K, used 17548K [0x0000000081c00000, 0x0000000087580000, 0x00000000d5f00000)
  object space 91648K, 19% used [0x0000000081c00000,0x0000000082d23098,0x0000000087580000)
 Metaspace       used 39684K, capacity 41196K, committed 41384K, reserved 1085440K
  class space    used 5158K, capacity 5459K, committed 5544K, reserved 1048576K
}
Event: 11.678 GC heap before
{Heap before GC invocations=15 (full 2):
 PSYoungGen      total 185344K, used 185303K [0x00000000d5f00000, 0x00000000e2880000, 0x0000000100000000)
  eden space 178688K, 100% used [0x00000000d5f00000,0x00000000e0d80000,0x00000000e0d80000)
  from space 6656K, 99% used [0x00000000e2200000,0x00000000e2875f80,0x00000000e2880000)
  to   space 9216K, 0% used [0x00000000e1680000,0x00000000e1680000,0x00000000e1f80000)
 ParOldGen       total 91648K, used 17548K [0x0000000081c00000, 0x0000000087580000, 0x00000000d5f00000)
  object space 91648K, 19% used [0x0000000081c00000,0x0000000082d23098,0x0000000087580000)
 Metaspace       used 50140K, capacity 51830K, committed 52008K, reserved 1093632K
  class space    used 6856K, capacity 7188K, committed 7208K, reserved 1048576K
Event: 11.690 GC heap after
Heap after GC invocations=15 (full 2):
 PSYoungGen      total 197120K, used 9190K [0x00000000d5f00000, 0x00000000e5000000, 0x0000000100000000)
  eden space 187904K, 0% used [0x00000000d5f00000,0x00000000d5f00000,0x00000000e1680000)
  from space 9216K, 99% used [0x00000000e1680000,0x00000000e1f79820,0x00000000e1f80000)
  to   space 12288K, 0% used [0x00000000e4400000,0x00000000e4400000,0x00000000e5000000)
 ParOldGen       total 91648K, used 22924K [0x0000000081c00000, 0x0000000087580000, 0x00000000d5f00000)
  object space 91648K, 25% used [0x0000000081c00000,0x00000000832631e0,0x0000000087580000)
 Metaspace       used 50140K, capacity 51830K, committed 52008K, reserved 1093632K
  class space    used 6856K, capacity 7188K, committed 7208K, reserved 1048576K
}
Event: 13.015 GC heap before
{Heap before GC invocations=16 (full 2):
 PSYoungGen      total 197120K, used 197094K [0x00000000d5f00000, 0x00000000e5000000, 0x0000000100000000)
  eden space 187904K, 100% used [0x00000000d5f00000,0x00000000e1680000,0x00000000e1680000)
  from space 9216K, 99% used [0x00000000e1680000,0x00000000e1f79820,0x00000000e1f80000)
  to   space 12288K, 0% used [0x00000000e4400000,0x00000000e4400000,0x00000000e5000000)
 ParOldGen       total 91648K, used 22924K [0x0000000081c00000, 0x0000000087580000, 0x00000000d5f00000)
  object space 91648K, 25% used [0x0000000081c00000,0x00000000832631e0,0x0000000087580000)
 Metaspace       used 55892K, capacity 58172K, committed 58280K, reserved 1099776K
  class space    used 7625K, capacity 8053K, committed 8104K, reserved 1048576K
Event: 13.031 GC heap after
Heap after GC invocations=16 (full 2):
 PSYoungGen      total 233984K, used 9253K [0x00000000d5f00000, 0x00000000e5d80000, 0x0000000100000000)
  eden space 221696K, 0% used [0x00000000d5f00000,0x00000000d5f00000,0x00000000e3780000)
  from space 12288K, 75% used [0x00000000e4400000,0x00000000e4d09558,0x00000000e5000000)
  to   space 12800K, 0% used [0x00000000e3780000,0x00000000e3780000,0x00000000e4400000)
 ParOldGen       total 91648K, used 28808K [0x0000000081c00000, 0x0000000087580000, 0x00000000d5f00000)
  object space 91648K, 31% used [0x0000000081c00000,0x00000000838222a0,0x0000000087580000)
 Metaspace       used 55892K, capacity 58172K, committed 58280K, reserved 1099776K
  class space    used 7625K, capacity 8053K, committed 8104K, reserved 1048576K
}
Event: 13.518 GC heap before
{Heap before GC invocations=17 (full 2):
 PSYoungGen      total 233984K, used 59775K [0x00000000d5f00000, 0x00000000e5d80000, 0x0000000100000000)
  eden space 221696K, 22% used [0x00000000d5f00000,0x00000000d9056a08,0x00000000e3780000)
  from space 12288K, 75% used [0x00000000e4400000,0x00000000e4d09558,0x00000000e5000000)
  to   space 12800K, 0% used [0x00000000e3780000,0x00000000e3780000,0x00000000e4400000)
 ParOldGen       total 91648K, used 28808K [0x0000000081c00000, 0x0000000087580000, 0x00000000d5f00000)
  object space 91648K, 31% used [0x0000000081c00000,0x00000000838222a0,0x0000000087580000)
 Metaspace       used 56653K, capacity 59016K, committed 59160K, reserved 1099776K
  class space    used 7667K, capacity 8113K, committed 8216K, reserved 1048576K
Event: 13.528 GC heap after
Heap after GC invocations=17 (full 2):
 PSYoungGen      total 234496K, used 8064K [0x00000000d5f00000, 0x00000000e8b00000, 0x0000000100000000)
  eden space 221696K, 0% used [0x00000000d5f00000,0x00000000d5f00000,0x00000000e3780000)
  from space 12800K, 63% used [0x00000000e3780000,0x00000000e3f60010,0x00000000e4400000)
  to   space 12288K, 0% used [0x00000000e7f00000,0x00000000e7f00000,0x00000000e8b00000)
 ParOldGen       total 91648K, used 28816K [0x0000000081c00000, 0x0000000087580000, 0x00000000d5f00000)
  object space 91648K, 31% used [0x0000000081c00000,0x00000000838242a0,0x0000000087580000)
 Metaspace       used 56653K, capacity 59016K, committed 59160K, reserved 1099776K
  class space    used 7667K, capacity 8113K, committed 8216K, reserved 1048576K
}
Event: 13.528 GC heap before
{Heap before GC invocations=18 (full 3):
 PSYoungGen      total 234496K, used 8064K [0x00000000d5f00000, 0x00000000e8b00000, 0x0000000100000000)
  eden space 221696K, 0% used [0x00000000d5f00000,0x00000000d5f00000,0x00000000e3780000)
  from space 12800K, 63% used [0x00000000e3780000,0x00000000e3f60010,0x00000000e4400000)
  to   space 12288K, 0% used [0x00000000e7f00000,0x00000000e7f00000,0x00000000e8b00000)
 ParOldGen       total 91648K, used 28816K [0x0000000081c00000, 0x0000000087580000, 0x00000000d5f00000)
  object space 91648K, 31% used [0x0000000081c00000,0x00000000838242a0,0x0000000087580000)
 Metaspace       used 56653K, capacity 59016K, committed 59160K, reserved 1099776K
  class space    used 7667K, capacity 8113K, committed 8216K, reserved 1048576K
Event: 13.705 GC heap after
Heap after GC invocations=18 (full 3):
 PSYoungGen      total 234496K, used 0K [0x00000000d5f00000, 0x00000000e8b00000, 0x0000000100000000)
  eden space 221696K, 0% used [0x00000000d5f00000,0x00000000d5f00000,0x00000000e3780000)
  from space 12800K, 0% used [0x00000000e3780000,0x00000000e3780000,0x00000000e4400000)
  to   space 12288K, 0% used [0x00000000e7f00000,0x00000000e7f00000,0x00000000e8b00000)
 ParOldGen       total 91648K, used 28728K [0x0000000081c00000, 0x0000000087580000, 0x00000000d5f00000)
  object space 91648K, 31% used [0x0000000081c00000,0x000000008380e3d8,0x0000000087580000)
 Metaspace       used 56653K, capacity 59016K, committed 59160K, reserved 1099776K
  class space    used 7667K, capacity 8113K, committed 8216K, reserved 1048576K
}

