# JRE version: Java(TM) SE Runtime Environment (8.0_161-b12) (build 1.8.0_161-b12)
# Java VM: Java HotSpot(TM) 64-Bit Server VM (25.161-b12 mixed mode windows-amd64 compressed oops)
Heap:
 PSYoungGen      total 71680K, used 23845K [0x00000000d5f00000, 0x00000000daa00000, 0x0000000100000000)
  eden space 66560K, 28% used [0x00000000d5f00000,0x00000000d71508c0,0x00000000da000000)
  from space 5120K, 99% used [0x00000000da500000,0x00000000da9f8ed0,0x00000000daa00000)
  to   space 5120K, 0% used [0x00000000da000000,0x00000000da000000,0x00000000da500000)
 ParOldGen       total 57344K, used 9998K [0x0000000081c00000, 0x0000000085400000, 0x00000000d5f00000)
  object space 57344K, 17% used [0x0000000081c00000,0x00000000825c3850,0x0000000085400000)
 Metaspace       used 28034K, capacity 28806K, committed 28928K, reserved 1075200K
  class space    used 3584K, capacity 3758K, committed 3840K, reserved 1048576K
GC Heap History (10 events):
Event: 1.852 GC heap before
{Heap before GC invocations=5 (full 0):
 PSYoungGen      total 71680K, used 71670K [0x00000000d5f00000, 0x00000000daa00000, 0x0000000100000000)
  eden space 66560K, 100% used [0x00000000d5f00000,0x00000000da000000,0x00000000da000000)
  from space 5120K, 99% used [0x00000000da500000,0x00000000da9fd958,0x00000000daa00000)
  to   space 5120K, 0% used [0x00000000da000000,0x00000000da000000,0x00000000da500000)
 ParOldGen       total 87552K, used 32K [0x0000000081c00000, 0x0000000087180000, 0x00000000d5f00000)
  object space 87552K, 0% used [0x0000000081c00000,0x0000000081c08000,0x0000000087180000)
 Metaspace       used 17821K, capacity 18252K, committed 18432K, reserved 1064960K
  class space    used 2325K, capacity 2473K, committed 2560K, reserved 1048576K
Event: 1.860 GC heap after
Heap after GC invocations=5 (full 0):
 PSYoungGen      total 71680K, used 5113K [0x00000000d5f00000, 0x00000000daa00000, 0x0000000100000000)
  eden space 66560K, 0% used [0x00000000d5f00000,0x00000000d5f00000,0x00000000da000000)
  from space 5120K, 99% used [0x00000000da000000,0x00000000da4fe588,0x00000000da500000)
  to   space 5120K, 0% used [0x00000000da500000,0x00000000da500000,0x00000000daa00000)
 ParOldGen       total 87552K, used 1642K [0x0000000081c00000, 0x0000000087180000, 0x00000000d5f00000)
  object space 87552K, 1% used [0x0000000081c00000,0x0000000081d9aa18,0x0000000087180000)
 Metaspace       used 17821K, capacity 18252K, committed 18432K, reserved 1064960K
  class space    used 2325K, capacity 2473K, committed 2560K, reserved 1048576K
}
Event: 2.060 GC heap before
{Heap before GC invocations=6 (full 0):
 PSYoungGen      total 71680K, used 61009K [0x00000000d5f00000, 0x00000000daa00000, 0x0000000100000000)
  eden space 66560K, 83% used [0x00000000d5f00000,0x00000000d9595eb0,0x00000000da000000)
  from space 5120K, 99% used [0x00000000da000000,0x00000000da4fe588,0x00000000da500000)
  to   space 5120K, 0% used [0x00000000da500000,0x00000000da500000,0x00000000daa00000)
 ParOldGen       total 87552K, used 1642K [0x0000000081c00000, 0x0000000087180000, 0x00000000d5f00000)
  object space 87552K, 1% used [0x0000000081c00000,0x0000000081d9aa18,0x0000000087180000)
 Metaspace       used 20648K, capacity 21130K, committed 21296K, reserved 1067008K
  class space    used 2695K, capacity 2826K, committed 2944K, reserved 1048576K
Event: 2.067 GC heap after
Heap after GC invocations=6 (full 0):
 PSYoungGen      total 71680K, used 5113K [0x00000000d5f00000, 0x00000000daa00000, 0x0000000100000000)
  eden space 66560K, 0% used [0x00000000d5f00000,0x00000000d5f00000,0x00000000da000000)
  from space 5120K, 99% used [0x00000000da500000,0x00000000da9fe4d0,0x00000000daa00000)
  to   space 5120K, 0% used [0x00000000da000000,0x00000000da000000,0x00000000da500000)
 ParOldGen       total 87552K, used 4573K [0x0000000081c00000, 0x0000000087180000, 0x00000000d5f00000)
  object space 87552K, 5% used [0x0000000081c00000,0x00000000820775d0,0x0000000087180000)
 Metaspace       used 20648K, capacity 21130K, committed 21296K, reserved 1067008K
  class space    used 2695K, capacity 2826K, committed 2944K, reserved 1048576K
}
Event: 2.067 GC heap before
{Heap before GC invocations=7 (full 1):
 PSYoungGen      total 71680K, used 5113K [0x00000000d5f00000, 0x00000000daa00000, 0x0000000100000000)
  eden space 66560K, 0% used [0x00000000d5f00000,0x00000000d5f00000,0x00000000da000000)
  from space 5120K, 99% used [0x00000000da500000,0x00000000da9fe4d0,0x00000000daa00000)
  to   space 5120K, 0% used [0x00000000da000000,0x00000000da000000,0x00000000da500000)
 ParOldGen       total 87552K, used 4573K [0x0000000081c00000, 0x0000000087180000, 0x00000000d5f00000)
  object space 87552K, 5% used [0x0000000081c00000,0x00000000820775d0,0x0000000087180000)
 Metaspace       used 20648K, capacity 21130K, committed 21296K, reserved 1067008K
  class space    used 2695K, capacity 2826K, committed 2944K, reserved 1048576K
Event: 2.095 GC heap after
Heap after GC invocations=7 (full 1):
 PSYoungGen      total 71680K, used 0K [0x00000000d5f00000, 0x00000000daa00000, 0x0000000100000000)
  eden space 66560K, 0% used [0x00000000d5f00000,0x00000000d5f00000,0x00000000da000000)
  from space 5120K, 0% used [0x00000000da500000,0x00000000da500000,0x00000000daa00000)
  to   space 5120K, 0% used [0x00000000da000000,0x00000000da000000,0x00000000da500000)
 ParOldGen       total 57344K, used 7986K [0x0000000081c00000, 0x0000000085400000, 0x00000000d5f00000)
  object space 57344K, 13% used [0x0000000081c00000,0x00000000823cc848,0x0000000085400000)
 Metaspace       used 20648K, capacity 21130K, committed 21296K, reserved 1067008K
  class space    used 2695K, capacity 2826K, committed 2944K, reserved 1048576K
}
Event: 2.559 GC heap before
{Heap before GC invocations=8 (full 1):
 PSYoungGen      total 71680K, used 66560K [0x00000000d5f00000, 0x00000000daa00000, 0x0000000100000000)
  eden space 66560K, 100% used [0x00000000d5f00000,0x00000000da000000,0x00000000da000000)
  from space 5120K, 0% used [0x00000000da500000,0x00000000da500000,0x00000000daa00000)
  to   space 5120K, 0% used [0x00000000da000000,0x00000000da000000,0x00000000da500000)
 ParOldGen       total 57344K, used 7986K [0x0000000081c00000, 0x0000000085400000, 0x00000000d5f00000)
  object space 57344K, 13% used [0x0000000081c00000,0x00000000823cc848,0x0000000085400000)
 Metaspace       used 24732K, capacity 25362K, committed 25728K, reserved 1071104K
  class space    used 3203K, capacity 3346K, committed 3456K, reserved 1048576K
Event: 2.621 GC heap after
Heap after GC invocations=8 (full 1):
 PSYoungGen      total 71680K, used 5118K [0x00000000d5f00000, 0x00000000daa00000, 0x0000000100000000)
  eden space 66560K, 0% used [0x00000000d5f00000,0x00000000d5f00000,0x00000000da000000)
  from space 5120K, 99% used [0x00000000da000000,0x00000000da4ff820,0x00000000da500000)
  to   space 5120K, 0% used [0x00000000da500000,0x00000000da500000,0x00000000daa00000)
 ParOldGen       total 57344K, used 8385K [0x0000000081c00000, 0x0000000085400000, 0x00000000d5f00000)
  object space 57344K, 14% used [0x0000000081c00000,0x0000000082430698,0x0000000085400000)
 Metaspace       used 24732K, capacity 25362K, committed 25728K, reserved 1071104K
  class space    used 3203K, capacity 3346K, committed 3456K, reserved 1048576K
}
Event: 3.346 GC heap before
{Heap before GC invocations=9 (full 1):
 PSYoungGen      total 71680K, used 71678K [0x00000000d5f00000, 0x00000000daa00000, 0x0000000100000000)
  eden space 66560K, 100% used [0x00000000d5f00000,0x00000000da000000,0x00000000da000000)
  from space 5120K, 99% used [0x00000000da000000,0x00000000da4ff820,0x00000000da500000)
  to   space 5120K, 0% used [0x00000000da500000,0x00000000da500000,0x00000000daa00000)
 ParOldGen       total 57344K, used 8385K [0x0000000081c00000, 0x0000000085400000, 0x00000000d5f00000)
  object space 57344K, 14% used [0x0000000081c00000,0x0000000082430698,0x0000000085400000)
 Metaspace       used 27272K, capacity 27984K, committed 28032K, reserved 1073152K
  class space    used 3489K, capacity 3681K, committed 3712K, reserved 1048576K
Event: 3.357 GC heap after
Heap after GC invocations=9 (full 1):
 PSYoungGen      total 71680K, used 5091K [0x00000000d5f00000, 0x00000000daa00000, 0x0000000100000000)
  eden space 66560K, 0% used [0x00000000d5f00000,0x00000000d5f00000,0x00000000da000000)
  from space 5120K, 99% used [0x00000000da500000,0x00000000da9f8ed0,0x00000000daa00000)
  to   space 5120K, 0% used [0x00000000da000000,0x00000000da000000,0x00000000da500000)
 ParOldGen       total 57344K, used 9998K [0x0000000081c00000, 0x0000000085400000, 0x00000000d5f00000)
  object space 57344K, 17% used [0x0000000081c00000,0x00000000825c3850,0x0000000085400000)
 Metaspace       used 27272K, capacity 27984K, committed 28032K, reserved 1073152K
  class space    used 3489K, capacity 3681K, committed 3712K, reserved 1048576K
}

