# JRE version: Java(TM) SE Runtime Environment (8.0_161-b12) (build 1.8.0_161-b12)
# Java VM: Java HotSpot(TM) 64-Bit Server VM (25.161-b12 mixed mode windows-amd64 compressed oops)
Heap:
 PSYoungGen      total 273408K, used 36542K [0x00000000d5f00000, 0x00000000e8d00000, 0x0000000100000000)
  eden space 262144K, 13% used [0x00000000d5f00000,0x00000000d82afa88,0x00000000e5f00000)
  from space 11264K, 0% used [0x00000000e8200000,0x00000000e8200000,0x00000000e8d00000)
  to   space 14848K, 0% used [0x00000000e7000000,0x00000000e7000000,0x00000000e7e80000)
 ParOldGen       total 92160K, used 29711K [0x0000000081c00000, 0x0000000087600000, 0x00000000d5f00000)
  object space 92160K, 32% used [0x0000000081c00000,0x0000000083903e10,0x0000000087600000)
 Metaspace       used 56900K, capacity 59288K, committed 59416K, reserved 1099776K
  class space    used 7699K, capacity 8125K, committed 8216K, reserved 1048576K
GC Heap History (10 events):
Event: 4.074 GC heap before
{Heap before GC invocations=11 (full 2):
 PSYoungGen      total 221696K, used 11234K [0x00000000d5f00000, 0x00000000e8f80000, 0x0000000100000000)
  eden space 210432K, 0% used [0x00000000d5f00000,0x00000000d5f00000,0x00000000e2c80000)
  from space 11264K, 99% used [0x00000000e2c80000,0x00000000e3778930,0x00000000e3780000)
  to   space 13824K, 0% used [0x00000000e8200000,0x00000000e8200000,0x00000000e8f80000)
 ParOldGen       total 54784K, used 11225K [0x0000000081c00000, 0x0000000085180000, 0x00000000d5f00000)
  object space 54784K, 20% used [0x0000000081c00000,0x00000000826f6780,0x0000000085180000)
 Metaspace       used 34140K, capacity 35346K, committed 35496K, reserved 1079296K
  class space    used 4415K, capacity 4684K, committed 4776K, reserved 1048576K
Event: 4.152 GC heap after
Heap after GC invocations=11 (full 2):
 PSYoungGen      total 221696K, used 0K [0x00000000d5f00000, 0x00000000e8f80000, 0x0000000100000000)
  eden space 210432K, 0% used [0x00000000d5f00000,0x00000000d5f00000,0x00000000e2c80000)
  from space 11264K, 0% used [0x00000000e2c80000,0x00000000e2c80000,0x00000000e3780000)
  to   space 13824K, 0% used [0x00000000e8200000,0x00000000e8200000,0x00000000e8f80000)
 ParOldGen       total 92160K, used 18416K [0x0000000081c00000, 0x0000000087600000, 0x00000000d5f00000)
  object space 92160K, 19% used [0x0000000081c00000,0x0000000082dfc020,0x0000000087600000)
 Metaspace       used 34140K, capacity 35346K, committed 35496K, reserved 1079296K
  class space    used 4415K, capacity 4684K, committed 4776K, reserved 1048576K
}
Event: 6.122 GC heap before
{Heap before GC invocations=12 (full 2):
 PSYoungGen      total 221696K, used 210432K [0x00000000d5f00000, 0x00000000e8f80000, 0x0000000100000000)
  eden space 210432K, 100% used [0x00000000d5f00000,0x00000000e2c80000,0x00000000e2c80000)
  from space 11264K, 0% used [0x00000000e2c80000,0x00000000e2c80000,0x00000000e3780000)
  to   space 13824K, 0% used [0x00000000e8200000,0x00000000e8200000,0x00000000e8f80000)
 ParOldGen       total 92160K, used 18416K [0x0000000081c00000, 0x0000000087600000, 0x00000000d5f00000)
  object space 92160K, 19% used [0x0000000081c00000,0x0000000082dfc020,0x0000000087600000)
 Metaspace       used 43989K, capacity 45468K, committed 45736K, reserved 1089536K
  class space    used 5928K, capacity 6241K, committed 6312K, reserved 1048576K
Event: 6.138 GC heap after
Heap after GC invocations=12 (full 2):
 PSYoungGen      total 273408K, used 11203K [0x00000000d5f00000, 0x00000000e8d00000, 0x0000000100000000)
  eden space 262144K, 0% used [0x00000000d5f00000,0x00000000d5f00000,0x00000000e5f00000)
  from space 11264K, 99% used [0x00000000e8200000,0x00000000e8cf0d08,0x00000000e8d00000)
  to   space 14848K, 0% used [0x00000000e7000000,0x00000000e7000000,0x00000000e7e80000)
 ParOldGen       total 92160K, used 18424K [0x0000000081c00000, 0x0000000087600000, 0x00000000d5f00000)
  object space 92160K, 19% used [0x0000000081c00000,0x0000000082dfe020,0x0000000087600000)
 Metaspace       used 43989K, capacity 45468K, committed 45736K, reserved 1089536K
  class space    used 5928K, capacity 6241K, committed 6312K, reserved 1048576K
}
Event: 7.651 GC heap before
{Heap before GC invocations=13 (full 2):
 PSYoungGen      total 273408K, used 273347K [0x00000000d5f00000, 0x00000000e8d00000, 0x0000000100000000)
  eden space 262144K, 100% used [0x00000000d5f00000,0x00000000e5f00000,0x00000000e5f00000)
  from space 11264K, 99% used [0x00000000e8200000,0x00000000e8cf0d08,0x00000000e8d00000)
  to   space 14848K, 0% used [0x00000000e7000000,0x00000000e7000000,0x00000000e7e80000)
 ParOldGen       total 92160K, used 18424K [0x0000000081c00000, 0x0000000087600000, 0x00000000d5f00000)
  object space 92160K, 19% used [0x0000000081c00000,0x0000000082dfe020,0x0000000087600000)
 Metaspace       used 54075K, capacity 56130K, committed 56232K, reserved 1097728K
  class space    used 7391K, capacity 7770K, committed 7848K, reserved 1048576K
Event: 7.668 GC heap after
Heap after GC invocations=13 (full 2):
 PSYoungGen      total 276992K, used 14840K [0x00000000d5f00000, 0x00000000e8d00000, 0x0000000100000000)
  eden space 262144K, 0% used [0x00000000d5f00000,0x00000000d5f00000,0x00000000e5f00000)
  from space 14848K, 99% used [0x00000000e7000000,0x00000000e7e7e210,0x00000000e7e80000)
  to   space 11264K, 0% used [0x00000000e8200000,0x00000000e8200000,0x00000000e8d00000)
 ParOldGen       total 92160K, used 20595K [0x0000000081c00000, 0x0000000087600000, 0x00000000d5f00000)
  object space 92160K, 22% used [0x0000000081c00000,0x000000008301cf20,0x0000000087600000)
 Metaspace       used 54075K, capacity 56130K, committed 56232K, reserved 1097728K
  class space    used 7391K, capacity 7770K, committed 7848K, reserved 1048576K
}
Event: 8.231 GC heap before
{Heap before GC invocations=14 (full 2):
 PSYoungGen      total 276992K, used 101677K [0x00000000d5f00000, 0x00000000e8d00000, 0x0000000100000000)
  eden space 262144K, 33% used [0x00000000d5f00000,0x00000000db3cd328,0x00000000e5f00000)
  from space 14848K, 99% used [0x00000000e7000000,0x00000000e7e7e210,0x00000000e7e80000)
  to   space 11264K, 0% used [0x00000000e8200000,0x00000000e8200000,0x00000000e8d00000)
 ParOldGen       total 92160K, used 20595K [0x0000000081c00000, 0x0000000087600000, 0x00000000d5f00000)
  object space 92160K, 22% used [0x0000000081c00000,0x000000008301cf20,0x0000000087600000)
 Metaspace       used 56647K, capacity 59020K, committed 59160K, reserved 1099776K
  class space    used 7673K, capacity 8113K, committed 8216K, reserved 1048576K
Event: 8.243 GC heap after
Heap after GC invocations=14 (full 2):
 PSYoungGen      total 273408K, used 11030K [0x00000000d5f00000, 0x00000000e8d00000, 0x0000000100000000)
  eden space 262144K, 0% used [0x00000000d5f00000,0x00000000d5f00000,0x00000000e5f00000)
  from space 11264K, 97% used [0x00000000e8200000,0x00000000e8cc5b18,0x00000000e8d00000)
  to   space 14848K, 0% used [0x00000000e7000000,0x00000000e7000000,0x00000000e7e80000)
 ParOldGen       total 92160K, used 24563K [0x0000000081c00000, 0x0000000087600000, 0x00000000d5f00000)
  object space 92160K, 26% used [0x0000000081c00000,0x00000000833fcfd0,0x0000000087600000)
 Metaspace       used 56647K, capacity 59020K, committed 59160K, reserved 1099776K
  class space    used 7673K, capacity 8113K, committed 8216K, reserved 1048576K
}
Event: 8.243 GC heap before
{Heap before GC invocations=15 (full 3):
 PSYoungGen      total 273408K, used 11030K [0x00000000d5f00000, 0x00000000e8d00000, 0x0000000100000000)
  eden space 262144K, 0% used [0x00000000d5f00000,0x00000000d5f00000,0x00000000e5f00000)
  from space 11264K, 97% used [0x00000000e8200000,0x00000000e8cc5b18,0x00000000e8d00000)
  to   space 14848K, 0% used [0x00000000e7000000,0x00000000e7000000,0x00000000e7e80000)
 ParOldGen       total 92160K, used 24563K [0x0000000081c00000, 0x0000000087600000, 0x00000000d5f00000)
  object space 92160K, 26% used [0x0000000081c00000,0x00000000833fcfd0,0x0000000087600000)
 Metaspace       used 56647K, capacity 59020K, committed 59160K, reserved 1099776K
  class space    used 7673K, capacity 8113K, committed 8216K, reserved 1048576K
Event: 8.369 GC heap after
Heap after GC invocations=15 (full 3):
 PSYoungGen      total 273408K, used 0K [0x00000000d5f00000, 0x00000000e8d00000, 0x0000000100000000)
  eden space 262144K, 0% used [0x00000000d5f00000,0x00000000d5f00000,0x00000000e5f00000)
  from space 11264K, 0% used [0x00000000e8200000,0x00000000e8200000,0x00000000e8d00000)
  to   space 14848K, 0% used [0x00000000e7000000,0x00000000e7000000,0x00000000e7e80000)
 ParOldGen       total 92160K, used 29711K [0x0000000081c00000, 0x0000000087600000, 0x00000000d5f00000)
  object space 92160K, 32% used [0x0000000081c00000,0x0000000083903e10,0x0000000087600000)
 Metaspace       used 56647K, capacity 59020K, committed 59160K, reserved 1099776K
  class space    used 7673K, capacity 8113K, committed 8216K, reserved 1048576K
}

