# JRE version: Java(TM) SE Runtime Environment (8.0_161-b12) (build 1.8.0_161-b12)
# Java VM: Java HotSpot(TM) 64-Bit Server VM (25.161-b12 mixed mode windows-amd64 compressed oops)
Heap:
 PSYoungGen      total 280064K, used 10382K [0x00000000d5f00000, 0x00000000e8c80000, 0x0000000100000000)
  eden space 268288K, 0% used [0x00000000d5f00000,0x00000000d5f00000,0x00000000e6500000)
  from space 11776K, 88% used [0x00000000e8100000,0x00000000e8b238c8,0x00000000e8c80000)
  to   space 14848K, 0% used [0x00000000e6f80000,0x00000000e6f80000,0x00000000e7e00000)
 ParOldGen       total 88576K, used 25004K [0x0000000081c00000, 0x0000000087280000, 0x00000000d5f00000)
  object space 88576K, 28% used [0x0000000081c00000,0x000000008346b180,0x0000000087280000)
 Metaspace       used 56663K, capacity 59020K, committed 59136K, reserved 1099776K
  class space    used 7671K, capacity 8113K, committed 8192K, reserved 1048576K
GC Heap History (10 events):
Event: 3.488 GC heap after
Heap after GC invocations=10 (full 1):
 PSYoungGen      total 222720K, used 11767K [0x00000000d5f00000, 0x00000000e8e80000, 0x0000000100000000)
  eden space 210944K, 0% used [0x00000000d5f00000,0x00000000d5f00000,0x00000000e2d00000)
  from space 11776K, 99% used [0x00000000e2d00000,0x00000000e387ddc0,0x00000000e3880000)
  to   space 13824K, 0% used [0x00000000e8100000,0x00000000e8100000,0x00000000e8e80000)
 ParOldGen       total 54784K, used 10986K [0x0000000081c00000, 0x0000000085180000, 0x00000000d5f00000)
  object space 54784K, 20% used [0x0000000081c00000,0x00000000826bab90,0x0000000085180000)
 Metaspace       used 34175K, capacity 35416K, committed 35496K, reserved 1081344K
  class space    used 4416K, capacity 4685K, committed 4736K, reserved 1048576K
}
Event: 3.488 GC heap before
{Heap before GC invocations=11 (full 2):
 PSYoungGen      total 222720K, used 11767K [0x00000000d5f00000, 0x00000000e8e80000, 0x0000000100000000)
  eden space 210944K, 0% used [0x00000000d5f00000,0x00000000d5f00000,0x00000000e2d00000)
  from space 11776K, 99% used [0x00000000e2d00000,0x00000000e387ddc0,0x00000000e3880000)
  to   space 13824K, 0% used [0x00000000e8100000,0x00000000e8100000,0x00000000e8e80000)
 ParOldGen       total 54784K, used 10986K [0x0000000081c00000, 0x0000000085180000, 0x00000000d5f00000)
  object space 54784K, 20% used [0x0000000081c00000,0x00000000826bab90,0x0000000085180000)
 Metaspace       used 34175K, capacity 35416K, committed 35496K, reserved 1081344K
  class space    used 4416K, capacity 4685K, committed 4736K, reserved 1048576K
Event: 3.554 GC heap after
Heap after GC invocations=11 (full 2):
 PSYoungGen      total 222720K, used 0K [0x00000000d5f00000, 0x00000000e8e80000, 0x0000000100000000)
  eden space 210944K, 0% used [0x00000000d5f00000,0x00000000d5f00000,0x00000000e2d00000)
  from space 11776K, 0% used [0x00000000e2d00000,0x00000000e2d00000,0x00000000e3880000)
  to   space 13824K, 0% used [0x00000000e8100000,0x00000000e8100000,0x00000000e8e80000)
 ParOldGen       total 88576K, used 18229K [0x0000000081c00000, 0x0000000087280000, 0x00000000d5f00000)
  object space 88576K, 20% used [0x0000000081c00000,0x0000000082dcd628,0x0000000087280000)
 Metaspace       used 34175K, capacity 35416K, committed 35496K, reserved 1081344K
  class space    used 4416K, capacity 4685K, committed 4736K, reserved 1048576K
}
Event: 5.942 GC heap before
{Heap before GC invocations=12 (full 2):
 PSYoungGen      total 222720K, used 210944K [0x00000000d5f00000, 0x00000000e8e80000, 0x0000000100000000)
  eden space 210944K, 100% used [0x00000000d5f00000,0x00000000e2d00000,0x00000000e2d00000)
  from space 11776K, 0% used [0x00000000e2d00000,0x00000000e2d00000,0x00000000e3880000)
  to   space 13824K, 0% used [0x00000000e8100000,0x00000000e8100000,0x00000000e8e80000)
 ParOldGen       total 88576K, used 18229K [0x0000000081c00000, 0x0000000087280000, 0x00000000d5f00000)
  object space 88576K, 20% used [0x0000000081c00000,0x0000000082dcd628,0x0000000087280000)
 Metaspace       used 44222K, capacity 45696K, committed 46080K, reserved 1089536K
  class space    used 5956K, capacity 6273K, committed 6400K, reserved 1048576K
Event: 5.966 GC heap after
Heap after GC invocations=12 (full 2):
 PSYoungGen      total 280064K, used 11436K [0x00000000d5f00000, 0x00000000e8c80000, 0x0000000100000000)
  eden space 268288K, 0% used [0x00000000d5f00000,0x00000000d5f00000,0x00000000e6500000)
  from space 11776K, 97% used [0x00000000e8100000,0x00000000e8c2b208,0x00000000e8c80000)
  to   space 14848K, 0% used [0x00000000e6f80000,0x00000000e6f80000,0x00000000e7e00000)
 ParOldGen       total 88576K, used 18237K [0x0000000081c00000, 0x0000000087280000, 0x00000000d5f00000)
  object space 88576K, 20% used [0x0000000081c00000,0x0000000082dcf628,0x0000000087280000)
 Metaspace       used 44222K, capacity 45696K, committed 46080K, reserved 1089536K
  class space    used 5956K, capacity 6273K, committed 6400K, reserved 1048576K
}
Event: 7.990 GC heap before
{Heap before GC invocations=13 (full 2):
 PSYoungGen      total 280064K, used 279724K [0x00000000d5f00000, 0x00000000e8c80000, 0x0000000100000000)
  eden space 268288K, 100% used [0x00000000d5f00000,0x00000000e6500000,0x00000000e6500000)
  from space 11776K, 97% used [0x00000000e8100000,0x00000000e8c2b208,0x00000000e8c80000)
  to   space 14848K, 0% used [0x00000000e6f80000,0x00000000e6f80000,0x00000000e7e00000)
 ParOldGen       total 88576K, used 18237K [0x0000000081c00000, 0x0000000087280000, 0x00000000d5f00000)
  object space 88576K, 20% used [0x0000000081c00000,0x0000000082dcf628,0x0000000087280000)
 Metaspace       used 54961K, capacity 57128K, committed 57344K, reserved 1099776K
  class space    used 7509K, capacity 7907K, committed 7936K, reserved 1048576K
Event: 8.010 GC heap after
Heap after GC invocations=13 (full 2):
 PSYoungGen      total 283136K, used 14833K [0x00000000d5f00000, 0x00000000e8c80000, 0x0000000100000000)
  eden space 268288K, 0% used [0x00000000d5f00000,0x00000000d5f00000,0x00000000e6500000)
  from space 14848K, 99% used [0x00000000e6f80000,0x00000000e7dfc448,0x00000000e7e00000)
  to   space 11776K, 0% used [0x00000000e8100000,0x00000000e8100000,0x00000000e8c80000)
 ParOldGen       total 88576K, used 21056K [0x0000000081c00000, 0x0000000087280000, 0x00000000d5f00000)
  object space 88576K, 23% used [0x0000000081c00000,0x0000000083090100,0x0000000087280000)
 Metaspace       used 54961K, capacity 57128K, committed 57344K, reserved 1099776K
  class space    used 7509K, capacity 7907K, committed 7936K, reserved 1048576K
}
Event: 8.614 GC heap before
{Heap before GC invocations=14 (full 2):
 PSYoungGen      total 283136K, used 96386K [0x00000000d5f00000, 0x00000000e8c80000, 0x0000000100000000)
  eden space 268288K, 30% used [0x00000000d5f00000,0x00000000daea4788,0x00000000e6500000)
  from space 14848K, 99% used [0x00000000e6f80000,0x00000000e7dfc448,0x00000000e7e00000)
  to   space 11776K, 0% used [0x00000000e8100000,0x00000000e8100000,0x00000000e8c80000)
 ParOldGen       total 88576K, used 21056K [0x0000000081c00000, 0x0000000087280000, 0x00000000d5f00000)
  object space 88576K, 23% used [0x0000000081c00000,0x0000000083090100,0x0000000087280000)
 Metaspace       used 56663K, capacity 59020K, committed 59136K, reserved 1099776K
  class space    used 7671K, capacity 8113K, committed 8192K, reserved 1048576K
Event: 8.635 GC heap after
Heap after GC invocations=14 (full 2):
 PSYoungGen      total 280064K, used 10382K [0x00000000d5f00000, 0x00000000e8c80000, 0x0000000100000000)
  eden space 268288K, 0% used [0x00000000d5f00000,0x00000000d5f00000,0x00000000e6500000)
  from space 11776K, 88% used [0x00000000e8100000,0x00000000e8b238c8,0x00000000e8c80000)
  to   space 14848K, 0% used [0x00000000e6f80000,0x00000000e6f80000,0x00000000e7e00000)
 ParOldGen       total 88576K, used 25004K [0x0000000081c00000, 0x0000000087280000, 0x00000000d5f00000)
  object space 88576K, 28% used [0x0000000081c00000,0x000000008346b180,0x0000000087280000)
 Metaspace       used 56663K, capacity 59020K, committed 59136K, reserved 1099776K
  class space    used 7671K, capacity 8113K, committed 8192K, reserved 1048576K
}
Event: 8.635 GC heap before
{Heap before GC invocations=15 (full 3):
 PSYoungGen      total 280064K, used 10382K [0x00000000d5f00000, 0x00000000e8c80000, 0x0000000100000000)
  eden space 268288K, 0% used [0x00000000d5f00000,0x00000000d5f00000,0x00000000e6500000)
  from space 11776K, 88% used [0x00000000e8100000,0x00000000e8b238c8,0x00000000e8c80000)
  to   space 14848K, 0% used [0x00000000e6f80000,0x00000000e6f80000,0x00000000e7e00000)
 ParOldGen       total 88576K, used 25004K [0x0000000081c00000, 0x0000000087280000, 0x00000000d5f00000)
  object space 88576K, 28% used [0x0000000081c00000,0x000000008346b180,0x0000000087280000)
 Metaspace       used 56663K, capacity 59020K, committed 59136K, reserved 1099776K
  class space    used 7671K, capacity 8113K, committed 8192K, reserved 1048576K

