# JRE version: Java(TM) SE Runtime Environment (8.0_161-b12) (build 1.8.0_161-b12)
# Java VM: Java HotSpot(TM) 64-Bit Server VM (25.161-b12 mixed mode windows-amd64 compressed oops)
Heap:
 PSYoungGen      total 38400K, used 31444K [0x00000000d5f00000, 0x00000000d9980000, 0x0000000100000000)
  eden space 33280K, 86% used [0x00000000d5f00000,0x00000000d7af8fe0,0x00000000d7f80000)
  from space 5120K, 54% used [0x00000000d7f80000,0x00000000d823c130,0x00000000d8480000)
  to   space 6656K, 0% used [0x00000000d9300000,0x00000000d9300000,0x00000000d9980000)
 ParOldGen       total 52224K, used 6199K [0x0000000081c00000, 0x0000000084f00000, 0x00000000d5f00000)
  object space 52224K, 11% used [0x0000000081c00000,0x000000008220df30,0x0000000084f00000)
 Metaspace       used 24558K, capacity 25166K, committed 25520K, reserved 1071104K
  class space    used 3192K, capacity 3382K, committed 3504K, reserved 1048576K
GC Heap History (10 events):
Event: 2.353 GC heap before
{Heap before GC invocations=6 (full 0):
 PSYoungGen      total 38400K, used 38376K [0x00000000d5f00000, 0x00000000d8980000, 0x0000000100000000)
  eden space 33280K, 100% used [0x00000000d5f00000,0x00000000d7f80000,0x00000000d7f80000)
  from space 5120K, 99% used [0x00000000d7f80000,0x00000000d847a008,0x00000000d8480000)
  to   space 5120K, 0% used [0x00000000d8480000,0x00000000d8480000,0x00000000d8980000)
 ParOldGen       total 87552K, used 245K [0x0000000081c00000, 0x0000000087180000, 0x00000000d5f00000)
  object space 87552K, 0% used [0x0000000081c00000,0x0000000081c3d4d8,0x0000000087180000)
 Metaspace       used 17903K, capacity 18360K, committed 18688K, reserved 1064960K
  class space    used 2322K, capacity 2469K, committed 2560K, reserved 1048576K
Event: 2.357 GC heap after
Heap after GC invocations=6 (full 0):
 PSYoungGen      total 38400K, used 5112K [0x00000000d5f00000, 0x00000000d8980000, 0x0000000100000000)
  eden space 33280K, 0% used [0x00000000d5f00000,0x00000000d5f00000,0x00000000d7f80000)
  from space 5120K, 99% used [0x00000000d8480000,0x00000000d897e2b8,0x00000000d8980000)
  to   space 5120K, 0% used [0x00000000d7f80000,0x00000000d7f80000,0x00000000d8480000)
 ParOldGen       total 87552K, used 981K [0x0000000081c00000, 0x0000000087180000, 0x00000000d5f00000)
  object space 87552K, 1% used [0x0000000081c00000,0x0000000081cf5670,0x0000000087180000)
 Metaspace       used 17903K, capacity 18360K, committed 18688K, reserved 1064960K
  class space    used 2322K, capacity 2469K, committed 2560K, reserved 1048576K
}
Event: 2.524 GC heap before
{Heap before GC invocations=7 (full 0):
 PSYoungGen      total 38400K, used 38392K [0x00000000d5f00000, 0x00000000d8980000, 0x0000000100000000)
  eden space 33280K, 100% used [0x00000000d5f00000,0x00000000d7f80000,0x00000000d7f80000)
  from space 5120K, 99% used [0x00000000d8480000,0x00000000d897e2b8,0x00000000d8980000)
  to   space 5120K, 0% used [0x00000000d7f80000,0x00000000d7f80000,0x00000000d8480000)
 ParOldGen       total 87552K, used 981K [0x0000000081c00000, 0x0000000087180000, 0x00000000d5f00000)
  object space 87552K, 1% used [0x0000000081c00000,0x0000000081cf5670,0x0000000087180000)
 Metaspace       used 19813K, capacity 20316K, committed 20480K, reserved 1067008K
  class space    used 2582K, capacity 2725K, committed 2816K, reserved 1048576K
Event: 2.529 GC heap after
Heap after GC invocations=7 (full 0):
 PSYoungGen      total 38400K, used 4307K [0x00000000d5f00000, 0x00000000d8980000, 0x0000000100000000)
  eden space 33280K, 0% used [0x00000000d5f00000,0x00000000d5f00000,0x00000000d7f80000)
  from space 5120K, 84% used [0x00000000d7f80000,0x00000000d83b4ef8,0x00000000d8480000)
  to   space 5120K, 0% used [0x00000000d8480000,0x00000000d8480000,0x00000000d8980000)
 ParOldGen       total 87552K, used 3589K [0x0000000081c00000, 0x0000000087180000, 0x00000000d5f00000)
  object space 87552K, 4% used [0x0000000081c00000,0x0000000081f81510,0x0000000087180000)
 Metaspace       used 19813K, capacity 20316K, committed 20480K, reserved 1067008K
  class space    used 2582K, capacity 2725K, committed 2816K, reserved 1048576K
}
Event: 2.591 GC heap before
{Heap before GC invocations=8 (full 0):
 PSYoungGen      total 38400K, used 17314K [0x00000000d5f00000, 0x00000000d8980000, 0x0000000100000000)
  eden space 33280K, 39% used [0x00000000d5f00000,0x00000000d6bb3950,0x00000000d7f80000)
  from space 5120K, 84% used [0x00000000d7f80000,0x00000000d83b4ef8,0x00000000d8480000)
  to   space 5120K, 0% used [0x00000000d8480000,0x00000000d8480000,0x00000000d8980000)
 ParOldGen       total 87552K, used 3589K [0x0000000081c00000, 0x0000000087180000, 0x00000000d5f00000)
  object space 87552K, 4% used [0x0000000081c00000,0x0000000081f81510,0x0000000087180000)
 Metaspace       used 20687K, capacity 21180K, committed 21296K, reserved 1067008K
  class space    used 2677K, capacity 2821K, committed 2864K, reserved 1048576K
Event: 2.594 GC heap after
Heap after GC invocations=8 (full 0):
 PSYoungGen      total 38400K, used 2770K [0x00000000d5f00000, 0x00000000d8980000, 0x0000000100000000)
  eden space 33280K, 0% used [0x00000000d5f00000,0x00000000d5f00000,0x00000000d7f80000)
  from space 5120K, 54% used [0x00000000d8480000,0x00000000d8734838,0x00000000d8980000)
  to   space 5120K, 0% used [0x00000000d7f80000,0x00000000d7f80000,0x00000000d8480000)
 ParOldGen       total 87552K, used 4575K [0x0000000081c00000, 0x0000000087180000, 0x00000000d5f00000)
  object space 87552K, 5% used [0x0000000081c00000,0x0000000082077d28,0x0000000087180000)
 Metaspace       used 20687K, capacity 21180K, committed 21296K, reserved 1067008K
  class space    used 2677K, capacity 2821K, committed 2864K, reserved 1048576K
}
Event: 2.595 GC heap before
{Heap before GC invocations=9 (full 1):
 PSYoungGen      total 38400K, used 2770K [0x00000000d5f00000, 0x00000000d8980000, 0x0000000100000000)
  eden space 33280K, 0% used [0x00000000d5f00000,0x00000000d5f00000,0x00000000d7f80000)
  from space 5120K, 54% used [0x00000000d8480000,0x00000000d8734838,0x00000000d8980000)
  to   space 5120K, 0% used [0x00000000d7f80000,0x00000000d7f80000,0x00000000d8480000)
 ParOldGen       total 87552K, used 4575K [0x0000000081c00000, 0x0000000087180000, 0x00000000d5f00000)
  object space 87552K, 5% used [0x0000000081c00000,0x0000000082077d28,0x0000000087180000)
 Metaspace       used 20687K, capacity 21180K, committed 21296K, reserved 1067008K
  class space    used 2677K, capacity 2821K, committed 2864K, reserved 1048576K
Event: 2.624 GC heap after
Heap after GC invocations=9 (full 1):
 PSYoungGen      total 38400K, used 0K [0x00000000d5f00000, 0x00000000d8980000, 0x0000000100000000)
  eden space 33280K, 0% used [0x00000000d5f00000,0x00000000d5f00000,0x00000000d7f80000)
  from space 5120K, 0% used [0x00000000d8480000,0x00000000d8480000,0x00000000d8980000)
  to   space 5120K, 0% used [0x00000000d7f80000,0x00000000d7f80000,0x00000000d8480000)
 ParOldGen       total 52224K, used 6191K [0x0000000081c00000, 0x0000000084f00000, 0x00000000d5f00000)
  object space 52224K, 11% used [0x0000000081c00000,0x000000008220bf30,0x0000000084f00000)
 Metaspace       used 20687K, capacity 21180K, committed 21296K, reserved 1067008K
  class space    used 2677K, capacity 2821K, committed 2864K, reserved 1048576K
}
Event: 2.808 GC heap before
{Heap before GC invocations=10 (full 1):
 PSYoungGen      total 38400K, used 33280K [0x00000000d5f00000, 0x00000000d8980000, 0x0000000100000000)
  eden space 33280K, 100% used [0x00000000d5f00000,0x00000000d7f80000,0x00000000d7f80000)
  from space 5120K, 0% used [0x00000000d8480000,0x00000000d8480000,0x00000000d8980000)
  to   space 5120K, 0% used [0x00000000d7f80000,0x00000000d7f80000,0x00000000d8480000)
 ParOldGen       total 52224K, used 6191K [0x0000000081c00000, 0x0000000084f00000, 0x00000000d5f00000)
  object space 52224K, 11% used [0x0000000081c00000,0x000000008220bf30,0x0000000084f00000)
 Metaspace       used 22942K, capacity 23532K, committed 23856K, reserved 1071104K
  class space    used 2949K, capacity 3115K, committed 3120K, reserved 1048576K
Event: 2.810 GC heap after
Heap after GC invocations=10 (full 1):
 PSYoungGen      total 38400K, used 2800K [0x00000000d5f00000, 0x00000000d9980000, 0x0000000100000000)
  eden space 33280K, 0% used [0x00000000d5f00000,0x00000000d5f00000,0x00000000d7f80000)
  from space 5120K, 54% used [0x00000000d7f80000,0x00000000d823c130,0x00000000d8480000)
  to   space 6656K, 0% used [0x00000000d9300000,0x00000000d9300000,0x00000000d9980000)
 ParOldGen       total 52224K, used 6199K [0x0000000081c00000, 0x0000000084f00000, 0x00000000d5f00000)
  object space 52224K, 11% used [0x0000000081c00000,0x000000008220df30,0x0000000084f00000)
 Metaspace       used 22942K, capacity 23532K, committed 23856K, reserved 1071104K
  class space    used 2949K, capacity 3115K, committed 3120K, reserved 1048576K
}

