# JRE version: Java(TM) SE Runtime Environment (8.0_161-b12) (build 1.8.0_161-b12)
# Java VM: Java HotSpot(TM) 64-Bit Server VM (25.161-b12 mixed mode windows-amd64 compressed oops)
Heap:
 PSYoungGen      total 50688K, used 21167K [0x00000000d5f00000, 0x00000000dad80000, 0x0000000100000000)
  eden space 31232K, 67% used [0x00000000d5f00000,0x00000000d73abd90,0x00000000d7d80000)
  from space 19456K, 0% used [0x00000000d7d80000,0x00000000d7d80000,0x00000000d9080000)
  to   space 18944K, 0% used [0x00000000d9b00000,0x00000000d9b00000,0x00000000dad80000)
 ParOldGen       total 66560K, used 64349K [0x0000000081c00000, 0x0000000085d00000, 0x00000000d5f00000)
  object space 66560K, 96% used [0x0000000081c00000,0x0000000085ad7530,0x0000000085d00000)
 Metaspace       used 25683K, capacity 26296K, committed 26416K, reserved 1077248K
  class space    used 2834K, capacity 3038K, committed 3120K, reserved 1048576K
GC Heap History (10 events):
Event: 25.742 GC heap after
Heap after GC invocations=22 (full 1):
 PSYoungGen      total 50688K, used 5195K [0x00000000d5f00000, 0x00000000dad80000, 0x0000000100000000)
  eden space 31232K, 0% used [0x00000000d5f00000,0x00000000d5f00000,0x00000000d7d80000)
  from space 19456K, 26% used [0x00000000d7d80000,0x00000000d8292c80,0x00000000d9080000)
  to   space 18944K, 0% used [0x00000000d9b00000,0x00000000d9b00000,0x00000000dad80000)
 ParOldGen       total 66560K, used 57010K [0x0000000081c00000, 0x0000000085d00000, 0x00000000d5f00000)
  object space 66560K, 85% used [0x0000000081c00000,0x00000000853acb78,0x0000000085d00000)
 Metaspace       used 23457K, capacity 23910K, committed 24112K, reserved 1071104K
  class space    used 2663K, capacity 2780K, committed 2864K, reserved 1048576K
}
Event: 25.742 GC heap before
{Heap before GC invocations=23 (full 2):
 PSYoungGen      total 50688K, used 5195K [0x00000000d5f00000, 0x00000000dad80000, 0x0000000100000000)
  eden space 31232K, 0% used [0x00000000d5f00000,0x00000000d5f00000,0x00000000d7d80000)
  from space 19456K, 26% used [0x00000000d7d80000,0x00000000d8292c80,0x00000000d9080000)
  to   space 18944K, 0% used [0x00000000d9b00000,0x00000000d9b00000,0x00000000dad80000)
 ParOldGen       total 66560K, used 57010K [0x0000000081c00000, 0x0000000085d00000, 0x00000000d5f00000)
  object space 66560K, 85% used [0x0000000081c00000,0x00000000853acb78,0x0000000085d00000)
 Metaspace       used 23457K, capacity 23910K, committed 24112K, reserved 1071104K
  class space    used 2663K, capacity 2780K, committed 2864K, reserved 1048576K
Event: 25.894 GC heap after
Heap after GC invocations=23 (full 2):
 PSYoungGen      total 50688K, used 0K [0x00000000d5f00000, 0x00000000dad80000, 0x0000000100000000)
  eden space 31232K, 0% used [0x00000000d5f00000,0x00000000d5f00000,0x00000000d7d80000)
  from space 19456K, 0% used [0x00000000d7d80000,0x00000000d7d80000,0x00000000d9080000)
  to   space 18944K, 0% used [0x00000000d9b00000,0x00000000d9b00000,0x00000000dad80000)
 ParOldGen       total 66560K, used 60676K [0x0000000081c00000, 0x0000000085d00000, 0x00000000d5f00000)
  object space 66560K, 91% used [0x0000000081c00000,0x0000000085741058,0x0000000085d00000)
 Metaspace       used 23457K, capacity 23910K, committed 24112K, reserved 1071104K
  class space    used 2663K, capacity 2780K, committed 2864K, reserved 1048576K
}
Event: 26.914 GC heap before
{Heap before GC invocations=24 (full 3):
 PSYoungGen      total 50688K, used 31232K [0x00000000d5f00000, 0x00000000dad80000, 0x0000000100000000)
  eden space 31232K, 100% used [0x00000000d5f00000,0x00000000d7d80000,0x00000000d7d80000)
  from space 19456K, 0% used [0x00000000d7d80000,0x00000000d7d80000,0x00000000d9080000)
  to   space 18944K, 0% used [0x00000000d9b00000,0x00000000d9b00000,0x00000000dad80000)
 ParOldGen       total 66560K, used 60676K [0x0000000081c00000, 0x0000000085d00000, 0x00000000d5f00000)
  object space 66560K, 91% used [0x0000000081c00000,0x0000000085741058,0x0000000085d00000)
 Metaspace       used 24748K, capacity 25254K, committed 25520K, reserved 1071104K
  class space    used 2759K, capacity 2908K, committed 2992K, reserved 1048576K
Event: 27.281 GC heap after
Heap after GC invocations=24 (full 3):
 PSYoungGen      total 50688K, used 0K [0x00000000d5f00000, 0x00000000dad80000, 0x0000000100000000)
  eden space 31232K, 0% used [0x00000000d5f00000,0x00000000d5f00000,0x00000000d7d80000)
  from space 19456K, 0% used [0x00000000d7d80000,0x00000000d7d80000,0x00000000d9080000)
  to   space 18944K, 0% used [0x00000000d9b00000,0x00000000d9b00000,0x00000000dad80000)
 ParOldGen       total 66560K, used 62069K [0x0000000081c00000, 0x0000000085d00000, 0x00000000d5f00000)
  object space 66560K, 93% used [0x0000000081c00000,0x000000008589d480,0x0000000085d00000)
 Metaspace       used 24748K, capacity 25254K, committed 25520K, reserved 1071104K
  class space    used 2759K, capacity 2908K, committed 2992K, reserved 1048576K
}
Event: 27.604 GC heap before
{Heap before GC invocations=25 (full 4):
 PSYoungGen      total 50688K, used 31232K [0x00000000d5f00000, 0x00000000dad80000, 0x0000000100000000)
  eden space 31232K, 100% used [0x00000000d5f00000,0x00000000d7d80000,0x00000000d7d80000)
  from space 19456K, 0% used [0x00000000d7d80000,0x00000000d7d80000,0x00000000d9080000)
  to   space 18944K, 0% used [0x00000000d9b00000,0x00000000d9b00000,0x00000000dad80000)
 ParOldGen       total 66560K, used 62069K [0x0000000081c00000, 0x0000000085d00000, 0x00000000d5f00000)
  object space 66560K, 93% used [0x0000000081c00000,0x000000008589d480,0x0000000085d00000)
 Metaspace       used 25074K, capacity 25606K, committed 25776K, reserved 1073152K
  class space    used 2784K, capacity 2940K, committed 2992K, reserved 1048576K
Event: 27.681 GC heap after
Heap after GC invocations=25 (full 4):
 PSYoungGen      total 50688K, used 0K [0x00000000d5f00000, 0x00000000dad80000, 0x0000000100000000)
  eden space 31232K, 0% used [0x00000000d5f00000,0x00000000d5f00000,0x00000000d7d80000)
  from space 19456K, 0% used [0x00000000d7d80000,0x00000000d7d80000,0x00000000d9080000)
  to   space 18944K, 0% used [0x00000000d9b00000,0x00000000d9b00000,0x00000000dad80000)
 ParOldGen       total 66560K, used 63498K [0x0000000081c00000, 0x0000000085d00000, 0x00000000d5f00000)
  object space 66560K, 95% used [0x0000000081c00000,0x0000000085a02ae8,0x0000000085d00000)
 Metaspace       used 25074K, capacity 25606K, committed 25776K, reserved 1073152K
  class space    used 2784K, capacity 2940K, committed 2992K, reserved 1048576K
}
Event: 27.950 GC heap before
{Heap before GC invocations=26 (full 5):
 PSYoungGen      total 50688K, used 31232K [0x00000000d5f00000, 0x00000000dad80000, 0x0000000100000000)
  eden space 31232K, 100% used [0x00000000d5f00000,0x00000000d7d80000,0x00000000d7d80000)
  from space 19456K, 0% used [0x00000000d7d80000,0x00000000d7d80000,0x00000000d9080000)
  to   space 18944K, 0% used [0x00000000d9b00000,0x00000000d9b00000,0x00000000dad80000)
 ParOldGen       total 66560K, used 63498K [0x0000000081c00000, 0x0000000085d00000, 0x00000000d5f00000)
  object space 66560K, 95% used [0x0000000081c00000,0x0000000085a02ae8,0x0000000085d00000)
 Metaspace       used 25212K, capacity 25734K, committed 26032K, reserved 1073152K
  class space    used 2786K, capacity 2940K, committed 2992K, reserved 1048576K
Event: 28.153 GC heap after
Heap after GC invocations=26 (full 5):
 PSYoungGen      total 50688K, used 0K [0x00000000d5f00000, 0x00000000dad80000, 0x0000000100000000)
  eden space 31232K, 0% used [0x00000000d5f00000,0x00000000d5f00000,0x00000000d7d80000)
  from space 19456K, 0% used [0x00000000d7d80000,0x00000000d7d80000,0x00000000d9080000)
  to   space 18944K, 0% used [0x00000000d9b00000,0x00000000d9b00000,0x00000000dad80000)
 ParOldGen       total 66560K, used 64349K [0x0000000081c00000, 0x0000000085d00000, 0x00000000d5f00000)
  object space 66560K, 96% used [0x0000000081c00000,0x0000000085ad7530,0x0000000085d00000)
 Metaspace       used 25212K, capacity 25734K, committed 26032K, reserved 1073152K
  class space    used 2786K, capacity 2940K, committed 2992K, reserved 1048576K
}
Event: 29.415 GC heap before
{Heap before GC invocations=27 (full 6):
 PSYoungGen      total 50688K, used 21167K [0x00000000d5f00000, 0x00000000dad80000, 0x0000000100000000)
  eden space 31232K, 67% used [0x00000000d5f00000,0x00000000d73abd90,0x00000000d7d80000)
  from space 19456K, 0% used [0x00000000d7d80000,0x00000000d7d80000,0x00000000d9080000)
  to   space 18944K, 0% used [0x00000000d9b00000,0x00000000d9b00000,0x00000000dad80000)
 ParOldGen       total 66560K, used 64349K [0x0000000081c00000, 0x0000000085d00000, 0x00000000d5f00000)
  object space 66560K, 96% used [0x0000000081c00000,0x0000000085ad7530,0x0000000085d00000)
 Metaspace       used 25683K, capacity 26296K, committed 26416K, reserved 1077248K
  class space    used 2834K, capacity 3038K, committed 3120K, reserved 1048576K

