# JRE version: Java(TM) SE Runtime Environment (8.0_161-b12) (build 1.8.0_161-b12)
# Java VM: Java HotSpot(TM) 64-Bit Server VM (25.161-b12 mixed mode windows-amd64 compressed oops)
Heap:
 PSYoungGen      total 271872K, used 38251K [0x00000000d5f00000, 0x00000000e8480000, 0x0000000100000000)
  eden space 260096K, 14% used [0x00000000d5f00000,0x00000000d845ad50,0x00000000e5d00000)
  from space 11776K, 0% used [0x00000000e7900000,0x00000000e7900000,0x00000000e8480000)
  to   space 14848K, 0% used [0x00000000e6780000,0x00000000e6780000,0x00000000e7600000)
 ParOldGen       total 91136K, used 29895K [0x0000000081c00000, 0x0000000087500000, 0x00000000d5f00000)
  object space 91136K, 32% used [0x0000000081c00000,0x0000000083931fb8,0x0000000087500000)
 Metaspace       used 57280K, capacity 59672K, committed 59904K, reserved 1101824K
  class space    used 7745K, capacity 8173K, committed 8192K, reserved 1048576K
GC Heap History (10 events):
Event: 3.337 GC heap before
{Heap before GC invocations=11 (full 2):
 PSYoungGen      total 217600K, used 11759K [0x00000000d5f00000, 0x00000000e8680000, 0x0000000100000000)
  eden space 205824K, 0% used [0x00000000d5f00000,0x00000000d5f00000,0x00000000e2800000)
  from space 11776K, 99% used [0x00000000e2800000,0x00000000e337bd50,0x00000000e3380000)
  to   space 13824K, 0% used [0x00000000e7900000,0x00000000e7900000,0x00000000e8680000)
 ParOldGen       total 55808K, used 10762K [0x0000000081c00000, 0x0000000085280000, 0x00000000d5f00000)
  object space 55808K, 19% used [0x0000000081c00000,0x00000000826829f8,0x0000000085280000)
 Metaspace       used 34124K, capacity 35344K, committed 35456K, reserved 1079296K
  class space    used 4417K, capacity 4685K, committed 4736K, reserved 1048576K
Event: 3.401 GC heap after
Heap after GC invocations=11 (full 2):
 PSYoungGen      total 217600K, used 0K [0x00000000d5f00000, 0x00000000e8680000, 0x0000000100000000)
  eden space 205824K, 0% used [0x00000000d5f00000,0x00000000d5f00000,0x00000000e2800000)
  from space 11776K, 0% used [0x00000000e2800000,0x00000000e2800000,0x00000000e3380000)
  to   space 13824K, 0% used [0x00000000e7900000,0x00000000e7900000,0x00000000e8680000)
 ParOldGen       total 91136K, used 18322K [0x0000000081c00000, 0x0000000087500000, 0x00000000d5f00000)
  object space 91136K, 20% used [0x0000000081c00000,0x0000000082de49c8,0x0000000087500000)
 Metaspace       used 34124K, capacity 35344K, committed 35456K, reserved 1079296K
  class space    used 4417K, capacity 4685K, committed 4736K, reserved 1048576K
}
Event: 5.195 GC heap before
{Heap before GC invocations=12 (full 2):
 PSYoungGen      total 217600K, used 205824K [0x00000000d5f00000, 0x00000000e8680000, 0x0000000100000000)
  eden space 205824K, 100% used [0x00000000d5f00000,0x00000000e2800000,0x00000000e2800000)
  from space 11776K, 0% used [0x00000000e2800000,0x00000000e2800000,0x00000000e3380000)
  to   space 13824K, 0% used [0x00000000e7900000,0x00000000e7900000,0x00000000e8680000)
 ParOldGen       total 91136K, used 18322K [0x0000000081c00000, 0x0000000087500000, 0x00000000d5f00000)
  object space 91136K, 20% used [0x0000000081c00000,0x0000000082de49c8,0x0000000087500000)
 Metaspace       used 44013K, capacity 45528K, committed 45696K, reserved 1089536K
  class space    used 5933K, capacity 6241K, committed 6272K, reserved 1048576K
Event: 5.206 GC heap after
Heap after GC invocations=12 (full 2):
 PSYoungGen      total 271872K, used 11309K [0x00000000d5f00000, 0x00000000e8480000, 0x0000000100000000)
  eden space 260096K, 0% used [0x00000000d5f00000,0x00000000d5f00000,0x00000000e5d00000)
  from space 11776K, 96% used [0x00000000e7900000,0x00000000e840b660,0x00000000e8480000)
  to   space 14848K, 0% used [0x00000000e6780000,0x00000000e6780000,0x00000000e7600000)
 ParOldGen       total 91136K, used 18330K [0x0000000081c00000, 0x0000000087500000, 0x00000000d5f00000)
  object space 91136K, 20% used [0x0000000081c00000,0x0000000082de69c8,0x0000000087500000)
 Metaspace       used 44013K, capacity 45528K, committed 45696K, reserved 1089536K
  class space    used 5933K, capacity 6241K, committed 6272K, reserved 1048576K
}
Event: 6.737 GC heap before
{Heap before GC invocations=13 (full 2):
 PSYoungGen      total 271872K, used 271405K [0x00000000d5f00000, 0x00000000e8480000, 0x0000000100000000)
  eden space 260096K, 100% used [0x00000000d5f00000,0x00000000e5d00000,0x00000000e5d00000)
  from space 11776K, 96% used [0x00000000e7900000,0x00000000e840b660,0x00000000e8480000)
  to   space 14848K, 0% used [0x00000000e6780000,0x00000000e6780000,0x00000000e7600000)
 ParOldGen       total 91136K, used 18330K [0x0000000081c00000, 0x0000000087500000, 0x00000000d5f00000)
  object space 91136K, 20% used [0x0000000081c00000,0x0000000082de69c8,0x0000000087500000)
 Metaspace       used 53964K, capacity 55886K, committed 56192K, reserved 1097728K
  class space    used 7377K, capacity 7724K, committed 7808K, reserved 1048576K
Event: 6.751 GC heap after
Heap after GC invocations=13 (full 2):
 PSYoungGen      total 274944K, used 14824K [0x00000000d5f00000, 0x00000000e8480000, 0x0000000100000000)
  eden space 260096K, 0% used [0x00000000d5f00000,0x00000000d5f00000,0x00000000e5d00000)
  from space 14848K, 99% used [0x00000000e6780000,0x00000000e75fa1c0,0x00000000e7600000)
  to   space 11776K, 0% used [0x00000000e7900000,0x00000000e7900000,0x00000000e8480000)
 ParOldGen       total 91136K, used 20525K [0x0000000081c00000, 0x0000000087500000, 0x00000000d5f00000)
  object space 91136K, 22% used [0x0000000081c00000,0x000000008300b738,0x0000000087500000)
 Metaspace       used 53964K, capacity 55886K, committed 56192K, reserved 1097728K
  class space    used 7377K, capacity 7724K, committed 7808K, reserved 1048576K
}
Event: 7.325 GC heap before
{Heap before GC invocations=14 (full 2):
 PSYoungGen      total 274944K, used 107314K [0x00000000d5f00000, 0x00000000e8480000, 0x0000000100000000)
  eden space 260096K, 35% used [0x00000000d5f00000,0x00000000db9526d0,0x00000000e5d00000)
  from space 14848K, 99% used [0x00000000e6780000,0x00000000e75fa1c0,0x00000000e7600000)
  to   space 11776K, 0% used [0x00000000e7900000,0x00000000e7900000,0x00000000e8480000)
 ParOldGen       total 91136K, used 20525K [0x0000000081c00000, 0x0000000087500000, 0x00000000d5f00000)
  object space 91136K, 22% used [0x0000000081c00000,0x000000008300b738,0x0000000087500000)
 Metaspace       used 56628K, capacity 58966K, committed 59096K, reserved 1099776K
  class space    used 7674K, capacity 8114K, committed 8192K, reserved 1048576K
Event: 7.337 GC heap after
Heap after GC invocations=14 (full 2):
 PSYoungGen      total 271872K, used 11152K [0x00000000d5f00000, 0x00000000e8480000, 0x0000000100000000)
  eden space 260096K, 0% used [0x00000000d5f00000,0x00000000d5f00000,0x00000000e5d00000)
  from space 11776K, 94% used [0x00000000e7900000,0x00000000e83e4358,0x00000000e8480000)
  to   space 14848K, 0% used [0x00000000e6780000,0x00000000e6780000,0x00000000e7600000)
 ParOldGen       total 91136K, used 24505K [0x0000000081c00000, 0x0000000087500000, 0x00000000d5f00000)
  object space 91136K, 26% used [0x0000000081c00000,0x00000000833ee7f8,0x0000000087500000)
 Metaspace       used 56628K, capacity 58966K, committed 59096K, reserved 1099776K
  class space    used 7674K, capacity 8114K, committed 8192K, reserved 1048576K
}
Event: 7.337 GC heap before
{Heap before GC invocations=15 (full 3):
 PSYoungGen      total 271872K, used 11152K [0x00000000d5f00000, 0x00000000e8480000, 0x0000000100000000)
  eden space 260096K, 0% used [0x00000000d5f00000,0x00000000d5f00000,0x00000000e5d00000)
  from space 11776K, 94% used [0x00000000e7900000,0x00000000e83e4358,0x00000000e8480000)
  to   space 14848K, 0% used [0x00000000e6780000,0x00000000e6780000,0x00000000e7600000)
 ParOldGen       total 91136K, used 24505K [0x0000000081c00000, 0x0000000087500000, 0x00000000d5f00000)
  object space 91136K, 26% used [0x0000000081c00000,0x00000000833ee7f8,0x0000000087500000)
 Metaspace       used 56628K, capacity 58966K, committed 59096K, reserved 1099776K
  class space    used 7674K, capacity 8114K, committed 8192K, reserved 1048576K
Event: 7.476 GC heap after
Heap after GC invocations=15 (full 3):
 PSYoungGen      total 271872K, used 0K [0x00000000d5f00000, 0x00000000e8480000, 0x0000000100000000)
  eden space 260096K, 0% used [0x00000000d5f00000,0x00000000d5f00000,0x00000000e5d00000)
  from space 11776K, 0% used [0x00000000e7900000,0x00000000e7900000,0x00000000e8480000)
  to   space 14848K, 0% used [0x00000000e6780000,0x00000000e6780000,0x00000000e7600000)
 ParOldGen       total 91136K, used 29895K [0x0000000081c00000, 0x0000000087500000, 0x00000000d5f00000)
  object space 91136K, 32% used [0x0000000081c00000,0x0000000083931fb8,0x0000000087500000)
 Metaspace       used 56628K, capacity 58966K, committed 59096K, reserved 1099776K
  class space    used 7674K, capacity 8114K, committed 8192K, reserved 1048576K
}

