# JRE version: Java(TM) SE Runtime Environment (8.0_221-b11) (build 1.8.0_221-b11)
# Java VM: Java HotSpot(TM) 64-Bit Server VM (25.221-b11 mixed mode linux-amd64 compressed oops)
Heap:
 PSYoungGen      total 419840K, used 320804K [0x000000076d400000, 0x0000000792e80000, 0x00000007c0000000)
  eden space 399872K, 80% used [0x000000076d400000,0x0000000780d49068,0x0000000785a80000)
  from space 19968K, 0% used [0x0000000785a80000,0x0000000785a80000,0x0000000786e00000)
  to   space 19968K, 0% used [0x0000000791b00000,0x0000000791b00000,0x0000000792e80000)
 ParOldGen       total 142336K, used 30216K [0x00000006c7c00000, 0x00000006d0700000, 0x000000076d400000)
  object space 142336K, 21% used [0x00000006c7c00000,0x00000006c9982218,0x00000006d0700000)
 Metaspace       used 77780K, capacity 81329K, committed 81488K, reserved 1120256K
  class space    used 10548K, capacity 11114K, committed 11132K, reserved 1048576K
GC Heap History (10 events):
Event: 17.789 GC heap before
{Heap before GC invocations=8 (full 1):
 PSYoungGen      total 239104K, used 42552K [0x000000076d400000, 0x000000077cd00000, 0x00000007c0000000)
  eden space 229376K, 14% used [0x000000076d400000,0x000000076f40e288,0x000000077b400000)
  from space 9728K, 99% used [0x000000077c300000,0x000000077cc7fe48,0x000000077cc80000)
  to   space 12800K, 0% used [0x000000077b400000,0x000000077b400000,0x000000077c080000)
 ParOldGen       total 81408K, used 11100K [0x00000006c7c00000, 0x00000006ccb80000, 0x000000076d400000)
  object space 81408K, 13% used [0x00000006c7c00000,0x00000006c86d70d8,0x00000006ccb80000)
 Metaspace       used 34326K, capacity 35938K, committed 36048K, reserved 1081344K
  class space    used 4500K, capacity 4802K, committed 4860K, reserved 1048576K
Event: 17.875 GC heap after
Heap after GC invocations=8 (full 1):
 PSYoungGen      total 242176K, used 12796K [0x000000076d400000, 0x0000000787d80000, 0x00000007c0000000)
  eden space 229376K, 0% used [0x000000076d400000,0x000000076d400000,0x000000077b400000)
  from space 12800K, 99% used [0x000000077b400000,0x000000077c07f0b8,0x000000077c080000)
  to   space 15872K, 0% used [0x0000000786e00000,0x0000000786e00000,0x0000000787d80000)
 ParOldGen       total 81408K, used 13462K [0x00000006c7c00000, 0x00000006ccb80000, 0x000000076d400000)
  object space 81408K, 16% used [0x00000006c7c00000,0x00000006c8925830,0x00000006ccb80000)
 Metaspace       used 34326K, capacity 35938K, committed 36048K, reserved 1081344K
  class space    used 4500K, capacity 4802K, committed 4860K, reserved 1048576K
}
Event: 17.875 GC heap before
{Heap before GC invocations=9 (full 2):
 PSYoungGen      total 242176K, used 12796K [0x000000076d400000, 0x0000000787d80000, 0x00000007c0000000)
  eden space 229376K, 0% used [0x000000076d400000,0x000000076d400000,0x000000077b400000)
  from space 12800K, 99% used [0x000000077b400000,0x000000077c07f0b8,0x000000077c080000)
  to   space 15872K, 0% used [0x0000000786e00000,0x0000000786e00000,0x0000000787d80000)
 ParOldGen       total 81408K, used 13462K [0x00000006c7c00000, 0x00000006ccb80000, 0x000000076d400000)
  object space 81408K, 16% used [0x00000006c7c00000,0x00000006c8925830,0x00000006ccb80000)
 Metaspace       used 34326K, capacity 35938K, committed 36048K, reserved 1081344K
  class space    used 4500K, capacity 4802K, committed 4860K, reserved 1048576K
Event: 18.023 GC heap after
Heap after GC invocations=9 (full 2):
 PSYoungGen      total 242176K, used 0K [0x000000076d400000, 0x0000000787d80000, 0x00000007c0000000)
  eden space 229376K, 0% used [0x000000076d400000,0x000000076d400000,0x000000077b400000)
  from space 12800K, 0% used [0x000000077b400000,0x000000077b400000,0x000000077c080000)
  to   space 15872K, 0% used [0x0000000786e00000,0x0000000786e00000,0x0000000787d80000)
 ParOldGen       total 111104K, used 19409K [0x00000006c7c00000, 0x00000006ce880000, 0x000000076d400000)
  object space 111104K, 17% used [0x00000006c7c00000,0x00000006c8ef4698,0x00000006ce880000)
 Metaspace       used 34326K, capacity 35938K, committed 36048K, reserved 1081344K
  class space    used 4500K, capacity 4802K, committed 4860K, reserved 1048576K
}
Event: 29.789 GC heap before
{Heap before GC invocations=10 (full 2):
 PSYoungGen      total 242176K, used 229376K [0x000000076d400000, 0x0000000787d80000, 0x00000007c0000000)
  eden space 229376K, 100% used [0x000000076d400000,0x000000077b400000,0x000000077b400000)
  from space 12800K, 0% used [0x000000077b400000,0x000000077b400000,0x000000077c080000)
  to   space 15872K, 0% used [0x0000000786e00000,0x0000000786e00000,0x0000000787d80000)
 ParOldGen       total 111104K, used 19409K [0x00000006c7c00000, 0x00000006ce880000, 0x000000076d400000)
  object space 111104K, 17% used [0x00000006c7c00000,0x00000006c8ef4698,0x00000006ce880000)
 Metaspace       used 52306K, capacity 54264K, committed 54608K, reserved 1095680K
  class space    used 7169K, capacity 7541K, committed 7548K, reserved 1048576K
Event: 29.830 GC heap after
Heap after GC invocations=10 (full 2):
 PSYoungGen      total 415744K, used 15860K [0x000000076d400000, 0x0000000788700000, 0x00000007c0000000)
  eden space 399872K, 0% used [0x000000076d400000,0x000000076d400000,0x0000000785a80000)
  from space 15872K, 99% used [0x0000000786e00000,0x0000000787d7d120,0x0000000787d80000)
  to   space 19968K, 0% used [0x0000000785a80000,0x0000000785a80000,0x0000000786e00000)
 ParOldGen       total 111104K, used 24643K [0x00000006c7c00000, 0x00000006ce880000, 0x000000076d400000)
  object space 111104K, 22% used [0x00000006c7c00000,0x00000006c9410d60,0x00000006ce880000)
 Metaspace       used 52306K, capacity 54264K, committed 54608K, reserved 1095680K
  class space    used 7169K, capacity 7541K, committed 7548K, reserved 1048576K
}
Event: 32.706 GC heap before
{Heap before GC invocations=11 (full 2):
 PSYoungGen      total 415744K, used 94294K [0x000000076d400000, 0x0000000788700000, 0x00000007c0000000)
  eden space 399872K, 19% used [0x000000076d400000,0x0000000772098908,0x0000000785a80000)
  from space 15872K, 99% used [0x0000000786e00000,0x0000000787d7d120,0x0000000787d80000)
  to   space 19968K, 0% used [0x0000000785a80000,0x0000000785a80000,0x0000000786e00000)
 ParOldGen       total 111104K, used 24643K [0x00000006c7c00000, 0x00000006ce880000, 0x000000076d400000)
  object space 111104K, 22% used [0x00000006c7c00000,0x00000006c9410d60,0x00000006ce880000)
 Metaspace       used 57671K, capacity 60035K, committed 60080K, reserved 1101824K
  class space    used 7882K, capacity 8316K, committed 8316K, reserved 1048576K
Event: 32.777 GC heap after
Heap after GC invocations=11 (full 2):
 PSYoungGen      total 419840K, used 13062K [0x000000076d400000, 0x0000000792e80000, 0x00000007c0000000)
  eden space 399872K, 0% used [0x000000076d400000,0x000000076d400000,0x0000000785a80000)
  from space 19968K, 65% used [0x0000000785a80000,0x0000000786741890,0x0000000786e00000)
  to   space 19968K, 0% used [0x0000000791b00000,0x0000000791b00000,0x0000000792e80000)
 ParOldGen       total 111104K, used 24651K [0x00000006c7c00000, 0x00000006ce880000, 0x000000076d400000)
  object space 111104K, 22% used [0x00000006c7c00000,0x00000006c9412d60,0x00000006ce880000)
 Metaspace       used 57671K, capacity 60035K, committed 60080K, reserved 1101824K
  class space    used 7882K, capacity 8316K, committed 8316K, reserved 1048576K
}
Event: 32.777 GC heap before
{Heap before GC invocations=12 (full 3):
 PSYoungGen      total 419840K, used 13062K [0x000000076d400000, 0x0000000792e80000, 0x00000007c0000000)
  eden space 399872K, 0% used [0x000000076d400000,0x000000076d400000,0x0000000785a80000)
  from space 19968K, 65% used [0x0000000785a80000,0x0000000786741890,0x0000000786e00000)
  to   space 19968K, 0% used [0x0000000791b00000,0x0000000791b00000,0x0000000792e80000)
 ParOldGen       total 111104K, used 24651K [0x00000006c7c00000, 0x00000006ce880000, 0x000000076d400000)
  object space 111104K, 22% used [0x00000006c7c00000,0x00000006c9412d60,0x00000006ce880000)
 Metaspace       used 57671K, capacity 60035K, committed 60080K, reserved 1101824K
  class space    used 7882K, capacity 8316K, committed 8316K, reserved 1048576K
Event: 33.524 GC heap after
Heap after GC invocations=12 (full 3):
 PSYoungGen      total 419840K, used 0K [0x000000076d400000, 0x0000000792e80000, 0x00000007c0000000)
  eden space 399872K, 0% used [0x000000076d400000,0x000000076d400000,0x0000000785a80000)
  from space 19968K, 0% used [0x0000000785a80000,0x0000000785a80000,0x0000000786e00000)
  to   space 19968K, 0% used [0x0000000791b00000,0x0000000791b00000,0x0000000792e80000)
 ParOldGen       total 142336K, used 30216K [0x00000006c7c00000, 0x00000006d0700000, 0x000000076d400000)
  object space 142336K, 21% used [0x00000006c7c00000,0x00000006c9982218,0x00000006d0700000)
 Metaspace       used 57671K, capacity 60035K, committed 60080K, reserved 1101824K
  class space    used 7882K, capacity 8316K, committed 8316K, reserved 1048576K
}

